#
# A fatal error has been detected by the Java Runtime Environment:
#
#  SIGBUS (0x7) at pc=0x00007f3d0cf9eb1f, pid=11562, tid=0x00007f3cdde44700
#
# JRE version: OpenJDK Runtime Environment (8.0_181-b13) (build 1.8.0_181-8u181-b13-0ubuntu0.18.04.1-b13)
# Java VM: OpenJDK 64-Bit Server VM (25.181-b13 mixed mode linux-amd64 compressed oops)
# Problematic frame:
# C  [libc.so.6+0x18eb1f]
#
# Failed to write core dump. Core dumps have been disabled. To enable core dumping, try "ulimit -c unlimited" before starting Java again
#
# If you would like to submit a bug report, please visit:
#   http://bugreport.java.com/bugreport/crash.jsp
# The crash happened outside the Java Virtual Machine in native code.
# See problematic frame for where to report the bug.
#

---------------  T H R E A D  ---------------

Current thread (0x00007f3c8c095800):  JavaThread "restartedMain" [_thread_in_native, id=11830, stack(0x00007f3cddd44000,0x00007f3cdde45000)]

siginfo: si_signo: 7 (SIGBUS), si_code: 2 (BUS_ADRERR), si_addr: 0x00007f3ce5da5000

Registers:
RAX=0x00007f3c70069570, RBX=0x00007f3d044ab4c0, RCX=0x00000000000032d7, RDX=0x0000000000006575
RSP=0x00007f3cdde41308, RBP=0x00007f3cdde41380, RSI=0x00007f3ce5da5000, RDI=0x00007f3c7006c80e
R8 =0x0000000000000004, R9 =0x00007f3c70069570, R10=0x00007f3c700008d0, R11=0x0000000000000002
R12=0x000000006f522f74, R13=0x0000000000006575, R14=0x00007f3c94b29e00, R15=0x00007f3ce5da1d34
RIP=0x00007f3d0cf9eb1f, EFLAGS=0x0000000000010293, CSGSFS=0x002b000000000033, ERR=0x0000000000000004
  TRAPNO=0x000000000000000e

Top of Stack: (sp=0x00007f3cdde41308)
0x00007f3cdde41308:   00007f3d09e7aeba 00007f3c00000017
0x00007f3cdde41318:   00007f3cdde413e0 0000000000000000
0x00007f3cdde41328:   00007f3c00007473 0000000000140314
0x00007f3cdde41338:   000000007165526c 0000000000006575
0x00007f3cdde41348:   000000007473632e 0000000000000016
0x00007f3cdde41358:   00007f3d044ab750 0000000000000016
0x00007f3cdde41368:   000000007e803491 00007f3d044ab4c0
0x00007f3cdde41378:   00007f3c956d99d0 00007f3cdde413d0
0x00007f3cdde41388:   00007f3d09e7babe 01007f3c00000016
0x00007f3cdde41398:   00007f3cdde413f0 00007f3d0806b3d8
0x00007f3cdde413a8:   0000000000000016 00007f3c8c0959e0
0x00007f3cdde413b8:   00007f3cdde41848 00007f3cdde413f0
0x00007f3cdde413c8:   00007f3d044ab4c0 00007f3cdde41830
0x00007f3cdde413d8:   00007f3d09e79ac5 00007f3d0806b3d8
0x00007f3cdde413e8:   00007f3c00000001 746163696c707061
0x00007f3cdde413f8:   706f72702e6e6f69 0000736569747265
0x00007f3cdde41408:   00007f3d0bff677e 00007f3d0806b3d8
0x00007f3cdde41418:   00007f3c8c095800 0000000000000001
0x00007f3cdde41428:   00000000d7878b30 0000000084c0c460
0x00007f3cdde41438:   00007f3cf6087f7b 00000000d7878660
0x00007f3cdde41448:   0000001600000000 0000000084c01ea0
0x00007f3cdde41458:   00007f3cffffffff 0000000084c01ea0
0x00007f3cdde41468:   00000000d7010160 00000000d7878558
0x00007f3cdde41478:   00007f3cdde41428 00007f3cdde41469
0x00007f3cdde41488:   0000000800000002 0000000100001600
0x00007f3cdde41498:   021e2629ad2a9500 0000000000000000
0x00007f3cdde414a8:   00007f3c8c095800 00007f3c8c0959e0
0x00007f3cdde414b8:   00007f3d04094e10 00007f3cdde41530
0x00007f3cdde414c8:   00007f3c8c095800 00007f3cdde41660
0x00007f3cdde414d8:   00007f3d0beef8a2 00007f3c0000000d
0x00007f3cdde414e8:   00007f3c70000b58 00007f3c8c095800
0x00007f3cdde414f8:   0000000000000000 00007f3cdde41690 

Instructions: (pc=0x00007f3d0cf9eb1f)
0x00007f3d0cf9eaff:   1b 26 00 0f 83 25 01 00 00 48 39 f7 72 0f 74 12
0x00007f3d0cf9eb0f:   4c 8d 0c 16 4c 39 cf 0f 82 c5 01 00 00 48 89 d1
0x00007f3d0cf9eb1f:   f3 a4 c3 80 fa 10 73 17 80 fa 08 73 27 80 fa 04
0x00007f3d0cf9eb2f:   73 33 80 fa 01 77 3b 72 05 0f b6 0e 88 0f c3 c5 

Register to memory mapping:

RAX=0x00007f3c70069570 is an unknown value
RBX=0x00007f3d044ab4c0 is an unknown value
RCX=0x00000000000032d7 is an unknown value
RDX=0x0000000000006575 is an unknown value
RSP=0x00007f3cdde41308 is pointing into the stack for thread: 0x00007f3c8c095800
RBP=0x00007f3cdde41380 is pointing into the stack for thread: 0x00007f3c8c095800
RSI=0x00007f3ce5da5000 is an unknown value
RDI=0x00007f3c7006c80e is an unknown value
R8 =0x0000000000000004 is an unknown value
R9 =0x00007f3c70069570 is an unknown value
R10=0x00007f3c700008d0 is an unknown value
R11=0x0000000000000002 is an unknown value
R12=0x000000006f522f74 is an unknown value
R13=0x0000000000006575 is an unknown value
R14=0x00007f3c94b29e00 is an unknown value
R15=0x00007f3ce5da1d34 is an unknown value


Stack: [0x00007f3cddd44000,0x00007f3cdde45000],  sp=0x00007f3cdde41308,  free space=1012k
Native frames: (J=compiled Java code, j=interpreted, Vv=VM code, C=native code)
C  [libc.so.6+0x18eb1f]
C  [libzip.so+0x5abe]
C  [libzip.so+0x3ac5]  Java_java_util_zip_ZipFile_getEntry+0x85
J 93  java.util.zip.ZipFile.getEntry(J[BZ)J (0 bytes) @ 0x00007f3cf513840e [0x00007f3cf5138340+0xce]
J 4423 C2 java.util.zip.ZipFile.getEntry(Ljava/lang/String;)Ljava/util/zip/ZipEntry; (101 bytes) @ 0x00007f3cf59df92c [0x00007f3cf59df5c0+0x36c]
J 4424 C2 java.util.jar.JarFile.getEntry(Ljava/lang/String;)Ljava/util/zip/ZipEntry; (22 bytes) @ 0x00007f3cf59d91b4 [0x00007f3cf59d9180+0x34]
J 3863 C2 sun.misc.URLClassPath$JarLoader.getResource(Ljava/lang/String;Z)Lsun/misc/Resource; (85 bytes) @ 0x00007f3cf5d1593c [0x00007f3cf5d158c0+0x7c]
J 2485 C2 sun.misc.URLClassPath.findResource(Ljava/lang/String;Z)Ljava/net/URL; (47 bytes) @ 0x00007f3cf58817c0 [0x00007f3cf58816e0+0xe0]
J 2240 C1 java.net.URLClassLoader$2.run()Ljava/lang/Object; (5 bytes) @ 0x00007f3cf57556ec [0x00007f3cf5755600+0xec]
v  ~StubRoutines::call_stub
V  [libjvm.so+0x67f7bb]
V  [libjvm.so+0x6d2ac4]  JVM_DoPrivileged+0x504
J 1046  java.security.AccessController.doPrivileged(Ljava/security/PrivilegedAction;Ljava/security/AccessControlContext;)Ljava/lang/Object; (0 bytes) @ 0x00007f3cf5399855 [0x00007f3cf5399780+0xd5]
J 2239 C1 java.net.URLClassLoader.findResource(Ljava/lang/String;)Ljava/net/URL; (37 bytes) @ 0x00007f3cf5754f04 [0x00007f3cf5754d80+0x184]
J 2132 C1 java.lang.ClassLoader.getResource(Ljava/lang/String;)Ljava/net/URL; (36 bytes) @ 0x00007f3cf570ca64 [0x00007f3cf570c5a0+0x4c4]
J 2252 C1 org.springframework.boot.devtools.restart.classloader.RestartClassLoader.getResource(Ljava/lang/String;)Ljava/net/URL; (48 bytes) @ 0x00007f3cf575b07c [0x00007f3cf575a5e0+0xa9c]
j  org.springframework.core.io.ClassPathResource.resolveURL()Ljava/net/URL;+34
j  org.springframework.core.io.ClassPathResource.exists()Z+1
j  org.springframework.boot.context.config.ConfigFileApplicationListener$Loader.load(Lorg/springframework/boot/env/PropertySourceLoader;Ljava/lang/String;Lorg/springframework/boot/context/config/ConfigFileApplicationListener$Profile;Lorg/springframework/boot/context/config/ConfigFileApplicationListener$DocumentFilter;Lorg/springframework/boot/context/config/ConfigFileApplicationListener$DocumentConsumer;)V+19
j  org.springframework.boot.context.config.ConfigFileApplicationListener$Loader.loadForFileExtension(Lorg/springframework/boot/env/PropertySourceLoader;Ljava/lang/String;Ljava/lang/String;Lorg/springframework/boot/context/config/ConfigFileApplicationListener$Profile;Lorg/springframework/boot/context/config/ConfigFileApplicationListener$DocumentFilterFactory;Lorg/springframework/boot/context/config/ConfigFileApplicationListener$DocumentConsumer;)V+192
j  org.springframework.boot.context.config.ConfigFileApplicationListener$Loader.load(Ljava/lang/String;Ljava/lang/String;Lorg/springframework/boot/context/config/ConfigFileApplicationListener$Profile;Lorg/springframework/boot/context/config/ConfigFileApplicationListener$DocumentFilterFactory;Lorg/springframework/boot/context/config/ConfigFileApplicationListener$DocumentConsumer;)V+203
j  org.springframework.boot.context.config.ConfigFileApplicationListener$Loader.lambda$null$6(Ljava/lang/String;Lorg/springframework/boot/context/config/ConfigFileApplicationListener$Profile;Lorg/springframework/boot/context/config/ConfigFileApplicationListener$DocumentFilterFactory;Lorg/springframework/boot/context/config/ConfigFileApplicationListener$DocumentConsumer;Ljava/lang/String;)V+8
j  org.springframework.boot.context.config.ConfigFileApplicationListener$Loader$$Lambda$31.accept(Ljava/lang/Object;)V+24
j  java.lang.Iterable.forEach(Ljava/util/function/Consumer;)V+30
j  org.springframework.boot.context.config.ConfigFileApplicationListener$Loader.lambda$load$7(Lorg/springframework/boot/context/config/ConfigFileApplicationListener$Profile;Lorg/springframework/boot/context/config/ConfigFileApplicationListener$DocumentFilterFactory;Lorg/springframework/boot/context/config/ConfigFileApplicationListener$DocumentConsumer;Ljava/lang/String;)V+39
j  org.springframework.boot.context.config.ConfigFileApplicationListener$Loader$$Lambda$30.accept(Ljava/lang/Object;)V+20
j  java.lang.Iterable.forEach(Ljava/util/function/Consumer;)V+30
j  org.springframework.boot.context.config.ConfigFileApplicationListener$Loader.load(Lorg/springframework/boot/context/config/ConfigFileApplicationListener$Profile;Lorg/springframework/boot/context/config/ConfigFileApplicationListener$DocumentFilterFactory;Lorg/springframework/boot/context/config/ConfigFileApplicationListener$DocumentConsumer;)V+13
j  org.springframework.boot.context.config.ConfigFileApplicationListener$Loader.load()V+104
j  org.springframework.boot.context.config.ConfigFileApplicationListener.addPropertySources(Lorg/springframework/core/env/ConfigurableEnvironment;Lorg/springframework/core/io/ResourceLoader;)V+14
j  org.springframework.boot.context.config.ConfigFileApplicationListener.postProcessEnvironment(Lorg/springframework/core/env/ConfigurableEnvironment;Lorg/springframework/boot/SpringApplication;)V+6
j  org.springframework.boot.context.config.ConfigFileApplicationListener.onApplicationEnvironmentPreparedEvent(Lorg/springframework/boot/context/event/ApplicationEnvironmentPreparedEvent;)V+54
j  org.springframework.boot.context.config.ConfigFileApplicationListener.onApplicationEvent(Lorg/springframework/context/ApplicationEvent;)V+12
j  org.springframework.context.event.SimpleApplicationEventMulticaster.doInvokeListener(Lorg/springframework/context/ApplicationListener;Lorg/springframework/context/ApplicationEvent;)V+2
j  org.springframework.context.event.SimpleApplicationEventMulticaster.invokeListener(Lorg/springframework/context/ApplicationListener;Lorg/springframework/context/ApplicationEvent;)V+34
j  org.springframework.context.event.SimpleApplicationEventMulticaster.multicastEvent(Lorg/springframework/context/ApplicationEvent;Lorg/springframework/core/ResolvableType;)V+83
j  org.springframework.context.event.SimpleApplicationEventMulticaster.multicastEvent(Lorg/springframework/context/ApplicationEvent;)V+7
j  org.springframework.boot.context.event.EventPublishingRunListener.environmentPrepared(Lorg/springframework/core/env/ConfigurableEnvironment;)V+20
j  org.springframework.boot.SpringApplicationRunListeners.environmentPrepared(Lorg/springframework/core/env/ConfigurableEnvironment;)V+31
j  org.springframework.boot.SpringApplication.prepareEnvironment(Lorg/springframework/boot/SpringApplicationRunListeners;Lorg/springframework/boot/ApplicationArguments;)Lorg/springframework/core/env/ConfigurableEnvironment;+18
j  org.springframework.boot.SpringApplication.run([Ljava/lang/String;)Lorg/springframework/context/ConfigurableApplicationContext;+54
j  org.springframework.boot.SpringApplication.run([Ljava/lang/Class;[Ljava/lang/String;)Lorg/springframework/context/ConfigurableApplicationContext;+9
j  org.springframework.boot.SpringApplication.run(Ljava/lang/Class;[Ljava/lang/String;)Lorg/springframework/context/ConfigurableApplicationContext;+9
j  mx.com.tp.smc.TpSmcWebApplication.main([Ljava/lang/String;)V+3
v  ~StubRoutines::call_stub
V  [libjvm.so+0x67f7bb]
V  [libjvm.so+0x9724c5]
V  [libjvm.so+0x973ea5]
V  [libjvm.so+0x6cf6d1]  JVM_InvokeMethod+0x111
J 2601  sun.reflect.NativeMethodAccessorImpl.invoke0(Ljava/lang/reflect/Method;Ljava/lang/Object;[Ljava/lang/Object;)Ljava/lang/Object; (0 bytes) @ 0x00007f3cf58802ad [0x00007f3cf58801c0+0xed]
J 2600 C1 sun.reflect.NativeMethodAccessorImpl.invoke(Ljava/lang/Object;[Ljava/lang/Object;)Ljava/lang/Object; (104 bytes) @ 0x00007f3cf589fe6c [0x00007f3cf589ed00+0x116c]
J 3820 C2 sun.reflect.DelegatingMethodAccessorImpl.invoke(Ljava/lang/Object;[Ljava/lang/Object;)Ljava/lang/Object; (10 bytes) @ 0x00007f3cf5d772a4 [0x00007f3cf5d77260+0x44]
J 5435 C1 java.lang.reflect.Method.invoke(Ljava/lang/Object;[Ljava/lang/Object;)Ljava/lang/Object; (62 bytes) @ 0x00007f3cf57e904c [0x00007f3cf57e8c60+0x3ec]
j  org.springframework.boot.devtools.restart.RestartLauncher.run()V+41
v  ~StubRoutines::call_stub
V  [libjvm.so+0x67f7bb]
V  [libjvm.so+0x67ce7b]
V  [libjvm.so+0x67d467]
V  [libjvm.so+0x6c333b]
V  [libjvm.so+0xa4c1b3]
V  [libjvm.so+0xa4c5e2]
V  [libjvm.so+0x8e70a2]
C  [libpthread.so.0+0x76db]  start_thread+0xdb

Java frames: (J=compiled Java code, j=interpreted, Vv=VM code)
J 93  java.util.zip.ZipFile.getEntry(J[BZ)J (0 bytes) @ 0x00007f3cf5138398 [0x00007f3cf5138340+0x58]
J 4423 C2 java.util.zip.ZipFile.getEntry(Ljava/lang/String;)Ljava/util/zip/ZipEntry; (101 bytes) @ 0x00007f3cf59df92c [0x00007f3cf59df5c0+0x36c]
J 4424 C2 java.util.jar.JarFile.getEntry(Ljava/lang/String;)Ljava/util/zip/ZipEntry; (22 bytes) @ 0x00007f3cf59d91b4 [0x00007f3cf59d9180+0x34]
J 3863 C2 sun.misc.URLClassPath$JarLoader.getResource(Ljava/lang/String;Z)Lsun/misc/Resource; (85 bytes) @ 0x00007f3cf5d1593c [0x00007f3cf5d158c0+0x7c]
J 2485 C2 sun.misc.URLClassPath.findResource(Ljava/lang/String;Z)Ljava/net/URL; (47 bytes) @ 0x00007f3cf58817c0 [0x00007f3cf58816e0+0xe0]
J 2240 C1 java.net.URLClassLoader$2.run()Ljava/lang/Object; (5 bytes) @ 0x00007f3cf57556ec [0x00007f3cf5755600+0xec]
v  ~StubRoutines::call_stub
J 1046  java.security.AccessController.doPrivileged(Ljava/security/PrivilegedAction;Ljava/security/AccessControlContext;)Ljava/lang/Object; (0 bytes) @ 0x00007f3cf53997e3 [0x00007f3cf5399780+0x63]
J 2239 C1 java.net.URLClassLoader.findResource(Ljava/lang/String;)Ljava/net/URL; (37 bytes) @ 0x00007f3cf5754f04 [0x00007f3cf5754d80+0x184]
J 2132 C1 java.lang.ClassLoader.getResource(Ljava/lang/String;)Ljava/net/URL; (36 bytes) @ 0x00007f3cf570ca64 [0x00007f3cf570c5a0+0x4c4]
J 2252 C1 org.springframework.boot.devtools.restart.classloader.RestartClassLoader.getResource(Ljava/lang/String;)Ljava/net/URL; (48 bytes) @ 0x00007f3cf575b07c [0x00007f3cf575a5e0+0xa9c]
j  org.springframework.core.io.ClassPathResource.resolveURL()Ljava/net/URL;+34
j  org.springframework.core.io.ClassPathResource.exists()Z+1
j  org.springframework.boot.context.config.ConfigFileApplicationListener$Loader.load(Lorg/springframework/boot/env/PropertySourceLoader;Ljava/lang/String;Lorg/springframework/boot/context/config/ConfigFileApplicationListener$Profile;Lorg/springframework/boot/context/config/ConfigFileApplicationListener$DocumentFilter;Lorg/springframework/boot/context/config/ConfigFileApplicationListener$DocumentConsumer;)V+19
j  org.springframework.boot.context.config.ConfigFileApplicationListener$Loader.loadForFileExtension(Lorg/springframework/boot/env/PropertySourceLoader;Ljava/lang/String;Ljava/lang/String;Lorg/springframework/boot/context/config/ConfigFileApplicationListener$Profile;Lorg/springframework/boot/context/config/ConfigFileApplicationListener$DocumentFilterFactory;Lorg/springframework/boot/context/config/ConfigFileApplicationListener$DocumentConsumer;)V+192
j  org.springframework.boot.context.config.ConfigFileApplicationListener$Loader.load(Ljava/lang/String;Ljava/lang/String;Lorg/springframework/boot/context/config/ConfigFileApplicationListener$Profile;Lorg/springframework/boot/context/config/ConfigFileApplicationListener$DocumentFilterFactory;Lorg/springframework/boot/context/config/ConfigFileApplicationListener$DocumentConsumer;)V+203
j  org.springframework.boot.context.config.ConfigFileApplicationListener$Loader.lambda$null$6(Ljava/lang/String;Lorg/springframework/boot/context/config/ConfigFileApplicationListener$Profile;Lorg/springframework/boot/context/config/ConfigFileApplicationListener$DocumentFilterFactory;Lorg/springframework/boot/context/config/ConfigFileApplicationListener$DocumentConsumer;Ljava/lang/String;)V+8
j  org.springframework.boot.context.config.ConfigFileApplicationListener$Loader$$Lambda$31.accept(Ljava/lang/Object;)V+24
j  java.lang.Iterable.forEach(Ljava/util/function/Consumer;)V+30
j  org.springframework.boot.context.config.ConfigFileApplicationListener$Loader.lambda$load$7(Lorg/springframework/boot/context/config/ConfigFileApplicationListener$Profile;Lorg/springframework/boot/context/config/ConfigFileApplicationListener$DocumentFilterFactory;Lorg/springframework/boot/context/config/ConfigFileApplicationListener$DocumentConsumer;Ljava/lang/String;)V+39
j  org.springframework.boot.context.config.ConfigFileApplicationListener$Loader$$Lambda$30.accept(Ljava/lang/Object;)V+20
j  java.lang.Iterable.forEach(Ljava/util/function/Consumer;)V+30
j  org.springframework.boot.context.config.ConfigFileApplicationListener$Loader.load(Lorg/springframework/boot/context/config/ConfigFileApplicationListener$Profile;Lorg/springframework/boot/context/config/ConfigFileApplicationListener$DocumentFilterFactory;Lorg/springframework/boot/context/config/ConfigFileApplicationListener$DocumentConsumer;)V+13
j  org.springframework.boot.context.config.ConfigFileApplicationListener$Loader.load()V+104
j  org.springframework.boot.context.config.ConfigFileApplicationListener.addPropertySources(Lorg/springframework/core/env/ConfigurableEnvironment;Lorg/springframework/core/io/ResourceLoader;)V+14
j  org.springframework.boot.context.config.ConfigFileApplicationListener.postProcessEnvironment(Lorg/springframework/core/env/ConfigurableEnvironment;Lorg/springframework/boot/SpringApplication;)V+6
j  org.springframework.boot.context.config.ConfigFileApplicationListener.onApplicationEnvironmentPreparedEvent(Lorg/springframework/boot/context/event/ApplicationEnvironmentPreparedEvent;)V+54
j  org.springframework.boot.context.config.ConfigFileApplicationListener.onApplicationEvent(Lorg/springframework/context/ApplicationEvent;)V+12
j  org.springframework.context.event.SimpleApplicationEventMulticaster.doInvokeListener(Lorg/springframework/context/ApplicationListener;Lorg/springframework/context/ApplicationEvent;)V+2
j  org.springframework.context.event.SimpleApplicationEventMulticaster.invokeListener(Lorg/springframework/context/ApplicationListener;Lorg/springframework/context/ApplicationEvent;)V+34
j  org.springframework.context.event.SimpleApplicationEventMulticaster.multicastEvent(Lorg/springframework/context/ApplicationEvent;Lorg/springframework/core/ResolvableType;)V+83
j  org.springframework.context.event.SimpleApplicationEventMulticaster.multicastEvent(Lorg/springframework/context/ApplicationEvent;)V+7
j  org.springframework.boot.context.event.EventPublishingRunListener.environmentPrepared(Lorg/springframework/core/env/ConfigurableEnvironment;)V+20
j  org.springframework.boot.SpringApplicationRunListeners.environmentPrepared(Lorg/springframework/core/env/ConfigurableEnvironment;)V+31
j  org.springframework.boot.SpringApplication.prepareEnvironment(Lorg/springframework/boot/SpringApplicationRunListeners;Lorg/springframework/boot/ApplicationArguments;)Lorg/springframework/core/env/ConfigurableEnvironment;+18
j  org.springframework.boot.SpringApplication.run([Ljava/lang/String;)Lorg/springframework/context/ConfigurableApplicationContext;+54
j  org.springframework.boot.SpringApplication.run([Ljava/lang/Class;[Ljava/lang/String;)Lorg/springframework/context/ConfigurableApplicationContext;+9
j  org.springframework.boot.SpringApplication.run(Ljava/lang/Class;[Ljava/lang/String;)Lorg/springframework/context/ConfigurableApplicationContext;+9
j  mx.com.tp.smc.TpSmcWebApplication.main([Ljava/lang/String;)V+3
v  ~StubRoutines::call_stub
J 2601  sun.reflect.NativeMethodAccessorImpl.invoke0(Ljava/lang/reflect/Method;Ljava/lang/Object;[Ljava/lang/Object;)Ljava/lang/Object; (0 bytes) @ 0x00007f3cf5880237 [0x00007f3cf58801c0+0x77]
J 2600 C1 sun.reflect.NativeMethodAccessorImpl.invoke(Ljava/lang/Object;[Ljava/lang/Object;)Ljava/lang/Object; (104 bytes) @ 0x00007f3cf589fe6c [0x00007f3cf589ed00+0x116c]
J 3820 C2 sun.reflect.DelegatingMethodAccessorImpl.invoke(Ljava/lang/Object;[Ljava/lang/Object;)Ljava/lang/Object; (10 bytes) @ 0x00007f3cf5d772a4 [0x00007f3cf5d77260+0x44]
J 5435 C1 java.lang.reflect.Method.invoke(Ljava/lang/Object;[Ljava/lang/Object;)Ljava/lang/Object; (62 bytes) @ 0x00007f3cf57e904c [0x00007f3cf57e8c60+0x3ec]
j  org.springframework.boot.devtools.restart.RestartLauncher.run()V+41
v  ~StubRoutines::call_stub

---------------  P R O C E S S  ---------------

Java Threads: ( => current thread )
=>0x00007f3c8c095800 JavaThread "restartedMain" [_thread_in_native, id=11830, stack(0x00007f3cddd44000,0x00007f3cdde45000)]
  0x00007f3c70003000 JavaThread "Thread-1" [_thread_blocked, id=11825, stack(0x00007f3ce5934000,0x00007f3ce5a35000)]
  0x00007f3d04010000 JavaThread "DestroyJavaVM" [_thread_blocked, id=11564, stack(0x00007f3d0d516000,0x00007f3d0d616000)]
  0x00007f3c95792000 JavaThread "http-nio-9191-AsyncTimeout" daemon [_thread_blocked, id=11616, stack(0x00007f3cdcc35000,0x00007f3cdcd36000)]
  0x00007f3c94fe8800 JavaThread "Abandoned connection cleanup thread" daemon [_thread_blocked, id=11592, stack(0x00007f3cdf346000,0x00007f3cdf447000)]
  0x00007f3d040d7800 JavaThread "Service Thread" daemon [_thread_blocked, id=11581, stack(0x00007f3ce60fb000,0x00007f3ce61fc000)]
  0x00007f3d040cc800 JavaThread "C1 CompilerThread3" daemon [_thread_blocked, id=11580, stack(0x00007f3ce61fd000,0x00007f3ce62fd000)]
  0x00007f3d040ca800 JavaThread "C2 CompilerThread2" daemon [_thread_in_vm, id=11579, stack(0x00007f3ce62fe000,0x00007f3ce63fe000)]
  0x00007f3d040c8800 JavaThread "C2 CompilerThread1" daemon [_thread_in_native, id=11578, stack(0x00007f3ce63ff000,0x00007f3ce64ff000)]
  0x00007f3d040c6000 JavaThread "C2 CompilerThread0" daemon [_thread_blocked, id=11577, stack(0x00007f3ce6500000,0x00007f3ce6600000)]
  0x00007f3d040c4000 JavaThread "Signal Dispatcher" daemon [_thread_blocked, id=11576, stack(0x00007f3ce6600000,0x00007f3ce6701000)]
  0x00007f3d04092000 JavaThread "Finalizer" daemon [_thread_blocked, id=11575, stack(0x00007f3ce70d0000,0x00007f3ce71d1000)]
  0x00007f3d0408d800 JavaThread "Reference Handler" daemon [_thread_blocked, id=11574, stack(0x00007f3ce71d1000,0x00007f3ce72d2000)]

Other Threads:
  0x00007f3d04085800 VMThread [stack: 0x00007f3ce72d3000,0x00007f3ce73d3000] [id=11573]
  0x00007f3d040da000 WatcherThread [stack: 0x00007f3ce5ffb000,0x00007f3ce60fb000] [id=11582]

VM state:not at safepoint (normal execution)

VM Mutex/Monitor currently owned by a thread: None

Heap:
 PSYoungGen      total 280064K, used 9903K [0x00000000d6f00000, 0x00000000e9580000, 0x0000000100000000)
  eden space 260608K, 3% used [0x00000000d6f00000,0x00000000d78abe48,0x00000000e6d80000)
  from space 19456K, 0% used [0x00000000e8280000,0x00000000e8280000,0x00000000e9580000)
  to   space 20480K, 0% used [0x00000000e6d80000,0x00000000e6d80000,0x00000000e8180000)
 ParOldGen       total 142336K, used 38161K [0x0000000084c00000, 0x000000008d700000, 0x00000000d6f00000)
  object space 142336K, 26% used [0x0000000084c00000,0x0000000087144648,0x000000008d700000)
 Metaspace       used 63775K, capacity 66434K, committed 66560K, reserved 1107968K
  class space    used 8234K, capacity 8684K, committed 8704K, reserved 1048576K

Card table byte_map: [0x00007f3d096db000,0x00007f3d09ab6000] byte_map_base: 0x00007f3d092b5000

Marking Bits: (ParMarkBitMap*) 0x00007f3d0c7b31c0
 Begin Bits: [0x00007f3cec260000, 0x00007f3cee130000)
 End Bits:   [0x00007f3cee130000, 0x00007f3cf0000000)

Polling page: 0x00007f3d0d634000

CodeCache: size=245760Kb used=19900Kb max_used=20583Kb free=225859Kb
 bounds [0x00007f3cf5000000, 0x00007f3cf6480000, 0x00007f3d04000000]
 total_blobs=6753 nmethods=6181 adapters=485
 compilation: enabled

Compilation events (10 events):
Event: 96.863 Thread 0x00007f3d040cc800 nmethod 7438 0x00007f3cf593a410 code [0x00007f3cf593a680, 0x00007f3cf593b658]
Event: 96.865 Thread 0x00007f3d040c6000 7439       4       java.lang.Class::privateGetDeclaredConstructors (85 bytes)
Event: 96.869 Thread 0x00007f3d040ca800 7440       4       java.lang.ClassLoader::getClassLoadingLock (35 bytes)
Event: 96.870 Thread 0x00007f3d040ca800 nmethod 7440 0x00007f3cf5c9add0 code [0x00007f3cf5c9af20, 0x00007f3cf5c9b048]
Event: 96.872 Thread 0x00007f3d040cc800 7441  s    3       java.io.FileDescriptor::attach (73 bytes)
Event: 96.873 Thread 0x00007f3d040cc800 nmethod 7441 0x00007f3cf5fb5f10 code [0x00007f3cf5fb6120, 0x00007f3cf5fb6d68]
Event: 96.873 Thread 0x00007f3d040ca800 7442       4       org.springframework.core.ResolvableType::resolveType (151 bytes)
Event: 96.874 Thread 0x00007f3d040c6000 nmethod 7439 0x00007f3cf63f2790 code [0x00007f3cf63f2940, 0x00007f3cf63f3028]
Event: 96.882 Thread 0x00007f3d040cc800 7443       3       org.springframework.core.env.PropertySource::containsProperty (14 bytes)
Event: 96.882 Thread 0x00007f3d040cc800 nmethod 7443 0x00007f3cf63f2310 code [0x00007f3cf63f2480, 0x00007f3cf63f26e8]

GC Heap History (10 events):
Event: 5.213 GC heap before
{Heap before GC invocations=14 (full 2):
 PSYoungGen      total 196608K, used 101963K [0x00000000d6f00000, 0x00000000e6e80000, 0x0000000100000000)
  eden space 180736K, 47% used [0x00000000d6f00000,0x00000000dc318b58,0x00000000e1f80000)
  from space 15872K, 99% used [0x00000000e1f80000,0x00000000e2efa0e0,0x00000000e2f00000)
  to   space 19968K, 0% used [0x00000000e5b00000,0x00000000e5b00000,0x00000000e6e80000)
 ParOldGen       total 99328K, used 28627K [0x0000000084c00000, 0x000000008ad00000, 0x00000000d6f00000)
  object space 99328K, 28% used [0x0000000084c00000,0x00000000867f4e60,0x000000008ad00000)
 Metaspace       used 56475K, capacity 58882K, committed 59008K, reserved 1099776K
  class space    used 7241K, capacity 7685K, committed 7808K, reserved 1048576K
Event: 5.225 GC heap after
Heap after GC invocations=14 (full 2):
 PSYoungGen      total 239616K, used 16754K [0x00000000d6f00000, 0x00000000e7300000, 0x0000000100000000)
  eden space 219648K, 0% used [0x00000000d6f00000,0x00000000d6f00000,0x00000000e4580000)
  from space 19968K, 83% used [0x00000000e5b00000,0x00000000e6b5c958,0x00000000e6e80000)
  to   space 22016K, 0% used [0x00000000e4580000,0x00000000e4580000,0x00000000e5b00000)
 ParOldGen       total 99328K, used 28635K [0x0000000084c00000, 0x000000008ad00000, 0x00000000d6f00000)
  object space 99328K, 28% used [0x0000000084c00000,0x00000000867f6e60,0x000000008ad00000)
 Metaspace       used 56475K, capacity 58882K, committed 59008K, reserved 1099776K
  class space    used 7241K, capacity 7685K, committed 7808K, reserved 1048576K
}
Event: 5.226 GC heap before
{Heap before GC invocations=15 (full 3):
 PSYoungGen      total 239616K, used 16754K [0x00000000d6f00000, 0x00000000e7300000, 0x0000000100000000)
  eden space 219648K, 0% used [0x00000000d6f00000,0x00000000d6f00000,0x00000000e4580000)
  from space 19968K, 83% used [0x00000000e5b00000,0x00000000e6b5c958,0x00000000e6e80000)
  to   space 22016K, 0% used [0x00000000e4580000,0x00000000e4580000,0x00000000e5b00000)
 ParOldGen       total 99328K, used 28635K [0x0000000084c00000, 0x000000008ad00000, 0x00000000d6f00000)
  object space 99328K, 28% used [0x0000000084c00000,0x00000000867f6e60,0x000000008ad00000)
 Metaspace       used 56475K, capacity 58882K, committed 59008K, reserved 1099776K
  class space    used 7241K, capacity 7685K, committed 7808K, reserved 1048576K
Event: 5.346 GC heap after
Heap after GC invocations=15 (full 3):
 PSYoungGen      total 239616K, used 0K [0x00000000d6f00000, 0x00000000e7300000, 0x0000000100000000)
  eden space 219648K, 0% used [0x00000000d6f00000,0x00000000d6f00000,0x00000000e4580000)
  from space 19968K, 0% used [0x00000000e5b00000,0x00000000e5b00000,0x00000000e6e80000)
  to   space 22016K, 0% used [0x00000000e4580000,0x00000000e4580000,0x00000000e5b00000)
 ParOldGen       total 142336K, used 35823K [0x0000000084c00000, 0x000000008d700000, 0x00000000d6f00000)
  object space 142336K, 25% used [0x0000000084c00000,0x0000000086efbff8,0x000000008d700000)
 Metaspace       used 56445K, capacity 58834K, committed 59008K, reserved 1099776K
  class space    used 7237K, capacity 7677K, committed 7808K, reserved 1048576K
}
Event: 7.206 GC heap before
{Heap before GC invocations=16 (full 3):
 PSYoungGen      total 239616K, used 219648K [0x00000000d6f00000, 0x00000000e7300000, 0x0000000100000000)
  eden space 219648K, 100% used [0x00000000d6f00000,0x00000000e4580000,0x00000000e4580000)
  from space 19968K, 0% used [0x00000000e5b00000,0x00000000e5b00000,0x00000000e6e80000)
  to   space 22016K, 0% used [0x00000000e4580000,0x00000000e4580000,0x00000000e5b00000)
 ParOldGen       total 142336K, used 35823K [0x0000000084c00000, 0x000000008d700000, 0x00000000d6f00000)
  object space 142336K, 25% used [0x0000000084c00000,0x0000000086efbff8,0x000000008d700000)
 Metaspace       used 61877K, capacity 64446K, committed 64768K, reserved 1105920K
  class space    used 7994K, capacity 8429K, committed 8448K, reserved 1048576K
Event: 7.218 GC heap after
Heap after GC invocations=16 (full 3):
 PSYoungGen      total 241664K, used 12913K [0x00000000d6f00000, 0x00000000e9780000, 0x0000000100000000)
  eden space 219648K, 0% used [0x00000000d6f00000,0x00000000d6f00000,0x00000000e4580000)
  from space 22016K, 58% used [0x00000000e4580000,0x00000000e521c7d8,0x00000000e5b00000)
  to   space 21504K, 0% used [0x00000000e8280000,0x00000000e8280000,0x00000000e9780000)
 ParOldGen       total 142336K, used 35831K [0x0000000084c00000, 0x000000008d700000, 0x00000000d6f00000)
  object space 142336K, 25% used [0x0000000084c00000,0x0000000086efdff8,0x000000008d700000)
 Metaspace       used 61877K, capacity 64446K, committed 64768K, reserved 1105920K
  class space    used 7994K, capacity 8429K, committed 8448K, reserved 1048576K
}
Event: 96.585 GC heap before
{Heap before GC invocations=17 (full 3):
 PSYoungGen      total 241664K, used 114985K [0x00000000d6f00000, 0x00000000e9780000, 0x0000000100000000)
  eden space 219648K, 46% used [0x00000000d6f00000,0x00000000dd2adda8,0x00000000e4580000)
  from space 22016K, 58% used [0x00000000e4580000,0x00000000e521c7d8,0x00000000e5b00000)
  to   space 21504K, 0% used [0x00000000e8280000,0x00000000e8280000,0x00000000e9780000)
 ParOldGen       total 142336K, used 35831K [0x0000000084c00000, 0x000000008d700000, 0x00000000d6f00000)
  object space 142336K, 25% used [0x0000000084c00000,0x0000000086efdff8,0x000000008d700000)
 Metaspace       used 63770K, capacity 66434K, committed 66560K, reserved 1107968K
  class space    used 8233K, capacity 8684K, committed 8704K, reserved 1048576K
Event: 96.611 GC heap after
Heap after GC invocations=17 (full 3):
 PSYoungGen      total 280064K, used 9840K [0x00000000d6f00000, 0x00000000e9580000, 0x0000000100000000)
  eden space 260608K, 0% used [0x00000000d6f00000,0x00000000d6f00000,0x00000000e6d80000)
  from space 19456K, 50% used [0x00000000e8280000,0x00000000e8c1c1d0,0x00000000e9580000)
  to   space 20480K, 0% used [0x00000000e6d80000,0x00000000e6d80000,0x00000000e8180000)
 ParOldGen       total 142336K, used 35839K [0x0000000084c00000, 0x000000008d700000, 0x00000000d6f00000)
  object space 142336K, 25% used [0x0000000084c00000,0x0000000086effff8,0x000000008d700000)
 Metaspace       used 63770K, capacity 66434K, committed 66560K, reserved 1107968K
  class space    used 8233K, capacity 8684K, committed 8704K, reserved 1048576K
}
Event: 96.611 GC heap before
{Heap before GC invocations=18 (full 4):
 PSYoungGen      total 280064K, used 9840K [0x00000000d6f00000, 0x00000000e9580000, 0x0000000100000000)
  eden space 260608K, 0% used [0x00000000d6f00000,0x00000000d6f00000,0x00000000e6d80000)
  from space 19456K, 50% used [0x00000000e8280000,0x00000000e8c1c1d0,0x00000000e9580000)
  to   space 20480K, 0% used [0x00000000e6d80000,0x00000000e6d80000,0x00000000e8180000)
 ParOldGen       total 142336K, used 35839K [0x0000000084c00000, 0x000000008d700000, 0x00000000d6f00000)
  object space 142336K, 25% used [0x0000000084c00000,0x0000000086effff8,0x000000008d700000)
 Metaspace       used 63770K, capacity 66434K, committed 66560K, reserved 1107968K
  class space    used 8233K, capacity 8684K, committed 8704K, reserved 1048576K
Event: 96.837 GC heap after
Heap after GC invocations=18 (full 4):
 PSYoungGen      total 280064K, used 0K [0x00000000d6f00000, 0x00000000e9580000, 0x0000000100000000)
  eden space 260608K, 0% used [0x00000000d6f00000,0x00000000d6f00000,0x00000000e6d80000)
  from space 19456K, 0% used [0x00000000e8280000,0x00000000e8280000,0x00000000e9580000)
  to   space 20480K, 0% used [0x00000000e6d80000,0x00000000e6d80000,0x00000000e8180000)
 ParOldGen       total 142336K, used 38161K [0x0000000084c00000, 0x000000008d700000, 0x00000000d6f00000)
  object space 142336K, 26% used [0x0000000084c00000,0x0000000087144648,0x000000008d700000)
 Metaspace       used 63770K, capacity 66434K, committed 66560K, reserved 1107968K
  class space    used 8233K, capacity 8684K, committed 8704K, reserved 1048576K
}

Deoptimization events (10 events):
Event: 7.355 Thread 0x00007f3c90003000 Uncommon trap: reason=class_check action=maybe_recompile pc=0x00007f3cf61adc34 method=org.springframework.util.ConcurrentReferenceHashMap$ReferenceManager.pollForPurge()Lorg/springframework/util/ConcurrentReferenceHashMap$Reference; @ 7
Event: 7.355 Thread 0x00007f3c90003000 Uncommon trap: reason=class_check action=maybe_recompile pc=0x00007f3cf61adc34 method=org.springframework.util.ConcurrentReferenceHashMap$ReferenceManager.pollForPurge()Lorg/springframework/util/ConcurrentReferenceHashMap$Reference; @ 7
Event: 17.973 Thread 0x00007f3c9575f800 Uncommon trap: reason=bimorphic action=maybe_recompile pc=0x00007f3cf54942fc method=java.util.AbstractList$Itr.next()Ljava/lang/Object; @ 14
Event: 17.973 Thread 0x00007f3c9575f800 Uncommon trap: reason=bimorphic action=maybe_recompile pc=0x00007f3cf54942fc method=java.util.AbstractList$Itr.next()Ljava/lang/Object; @ 14
Event: 17.983 Thread 0x00007f3c9575f800 Uncommon trap: reason=bimorphic action=maybe_recompile pc=0x00007f3cf54942fc method=java.util.AbstractList$Itr.next()Ljava/lang/Object; @ 14
Event: 17.984 Thread 0x00007f3c9575f800 Uncommon trap: reason=bimorphic action=maybe_recompile pc=0x00007f3cf54942fc method=java.util.AbstractList$Itr.next()Ljava/lang/Object; @ 14
Event: 96.054 Thread 0x00007f3c956f6800 Uncommon trap: reason=unstable_if action=reinterpret pc=0x00007f3cf565a74c method=java.util.AbstractCollection.containsAll(Ljava/util/Collection;)Z @ 28
Event: 96.457 Thread 0x00007f3c956f6800 Uncommon trap: reason=unstable_if action=reinterpret pc=0x00007f3cf5e1967c method=org.springframework.boot.devtools.filewatch.FileSnapshot.equals(Ljava/lang/Object;)Z @ 93
Event: 96.503 Thread 0x00007f3c70003000 Uncommon trap: reason=unstable_if action=reinterpret pc=0x00007f3cf529a01c method=java.util.BitSet.get(I)Z @ 60
Event: 96.848 Thread 0x00007f3d0408d800 Uncommon trap: reason=unstable_if action=reinterpret pc=0x00007f3cf5a81294 method=java.lang.ref.Reference.tryHandlePending(Z)Z @ 20

Classes redefined (0 events):
No events

Internal exceptions (10 events):
Event: 17.942 Thread 0x00007f3c9575f800 Exception <a 'java/lang/ClassNotFoundException': java/lang/ObjectCustomizer> (0x00000000d97777f0) thrown at [/build/openjdk-8-8iINie/openjdk-8-8u181-b13/src/hotspot/src/share/vm/classfile/systemDictionary.cpp, line 210]
Event: 17.943 Thread 0x00007f3c9575f800 Exception <a 'java/lang/ClassNotFoundException': org/springframework/web/servlet/view/DefaultRequestToViewNameTranslatorCustomizer> (0x00000000d97a18a0) thrown at [/build/openjdk-8-8iINie/openjdk-8-8u181-b13/src/hotspot/src/share/vm/classfile/systemDictio
Event: 17.944 Thread 0x00007f3c9575f800 Exception <a 'java/lang/ClassNotFoundException': org/springframework/web/servlet/RequestToViewNameTranslatorCustomizer> (0x00000000d97d5f38) thrown at [/build/openjdk-8-8iINie/openjdk-8-8u181-b13/src/hotspot/src/share/vm/classfile/systemDictionary.cpp, li
Event: 17.948 Thread 0x00007f3c9575f800 Exception <a 'java/lang/ClassNotFoundException': java/lang/ObjectCustomizer> (0x00000000d9829e20) thrown at [/build/openjdk-8-8iINie/openjdk-8-8u181-b13/src/hotspot/src/share/vm/classfile/systemDictionary.cpp, line 210]
Event: 17.949 Thread 0x00007f3c9575f800 Exception <a 'java/lang/ClassNotFoundException': org/springframework/web/servlet/support/AbstractFlashMapManagerCustomizer> (0x00000000d9851260) thrown at [/build/openjdk-8-8iINie/openjdk-8-8u181-b13/src/hotspot/src/share/vm/classfile/systemDictionary.cpp
Event: 17.949 Thread 0x00007f3c9575f800 Exception <a 'java/lang/ClassNotFoundException': org/springframework/web/servlet/support/SessionFlashMapManagerCustomizer> (0x00000000d987c7e8) thrown at [/build/openjdk-8-8iINie/openjdk-8-8u181-b13/src/hotspot/src/share/vm/classfile/systemDictionary.cpp,
Event: 17.950 Thread 0x00007f3c9575f800 Exception <a 'java/lang/ClassNotFoundException': org/springframework/web/servlet/FlashMapManagerCustomizer> (0x00000000d989dbb8) thrown at [/build/openjdk-8-8iINie/openjdk-8-8u181-b13/src/hotspot/src/share/vm/classfile/systemDictionary.cpp, line 210]
Event: 96.554 Thread 0x00007f3c94f7e000 Exception <a 'java/lang/InterruptedException': sleep interrupted> (0x00000000d8f20210) thrown at [/build/openjdk-8-8iINie/openjdk-8-8u181-b13/src/hotspot/src/share/vm/prims/jvm.cpp, line 3273]
Event: 96.583 Thread 0x00007f3c94f7f000 Exception <a 'java/lang/InterruptedException': sleep interrupted> (0x00000000dd088c00) thrown at [/build/openjdk-8-8iINie/openjdk-8-8u181-b13/src/hotspot/src/share/vm/prims/jvm.cpp, line 3273]
Event: 96.873 Thread 0x00007f3c8c095800 Exception <a 'java/io/FileNotFoundException'> (0x00000000d78215a8) thrown at [/build/openjdk-8-8iINie/openjdk-8-8u181-b13/src/hotspot/src/share/vm/prims/jni.cpp, line 709]

Events (10 events):
Event: 96.868 loading class org/zeroturnaround/javarebel$ReloaderFactory done
Event: 96.868 loading class org/hotswap/agent/HotswapAgent
Event: 96.868 loading class org/hotswap/agent/HotswapAgent done
Event: 96.868 loading class org/hotswap/agent$HotswapAgent
Event: 96.868 loading class org/hotswap/agent$HotswapAgent done
Event: 96.868 loading class liquibase/servicelocator/CustomResolverServiceLocator
Event: 96.869 loading class liquibase/servicelocator/CustomResolverServiceLocator done
Event: 96.871 loading class liquibase/servicelocator$CustomResolverServiceLocator
Event: 96.871 loading class liquibase/servicelocator$CustomResolverServiceLocator done
Event: 96.882 Thread 0x00007f3d040cc800 flushing nmethod 0x00007f3cf5ab6e50


Dynamic libraries:
84c00000-8d700000 rw-p 00000000 00:00 0 
8d700000-d6f00000 ---p 00000000 00:00 0 
d6f00000-e9580000 rw-p 00000000 00:00 0 
e9580000-100000000 ---p 00000000 00:00 0 
100000000-100880000 rw-p 00000000 00:00 0 
100880000-140000000 ---p 00000000 00:00 0 
561895e1d000-561895e1e000 r-xp 00000000 08:05 9963185                    /usr/lib/jvm/java-8-openjdk-amd64/jre/bin/java
56189601d000-56189601e000 r--p 00000000 08:05 9963185                    /usr/lib/jvm/java-8-openjdk-amd64/jre/bin/java
56189601e000-56189601f000 rw-p 00001000 08:05 9963185                    /usr/lib/jvm/java-8-openjdk-amd64/jre/bin/java
5618971d7000-5618971f8000 rw-p 00000000 00:00 0                          [heap]
7f3c38000000-7f3c38021000 rw-p 00000000 00:00 0 
7f3c38021000-7f3c3c000000 ---p 00000000 00:00 0 
7f3c3c000000-7f3c3c021000 rw-p 00000000 00:00 0 
7f3c3c021000-7f3c40000000 ---p 00000000 00:00 0 
7f3c40000000-7f3c40021000 rw-p 00000000 00:00 0 
7f3c40021000-7f3c44000000 ---p 00000000 00:00 0 
7f3c44000000-7f3c44021000 rw-p 00000000 00:00 0 
7f3c44021000-7f3c48000000 ---p 00000000 00:00 0 
7f3c48000000-7f3c48021000 rw-p 00000000 00:00 0 
7f3c48021000-7f3c4c000000 ---p 00000000 00:00 0 
7f3c4c000000-7f3c4c021000 rw-p 00000000 00:00 0 
7f3c4c021000-7f3c50000000 ---p 00000000 00:00 0 
7f3c50000000-7f3c50021000 rw-p 00000000 00:00 0 
7f3c50021000-7f3c54000000 ---p 00000000 00:00 0 
7f3c54000000-7f3c54021000 rw-p 00000000 00:00 0 
7f3c54021000-7f3c58000000 ---p 00000000 00:00 0 
7f3c58000000-7f3c58021000 rw-p 00000000 00:00 0 
7f3c58021000-7f3c5c000000 ---p 00000000 00:00 0 
7f3c5c000000-7f3c5c021000 rw-p 00000000 00:00 0 
7f3c5c021000-7f3c60000000 ---p 00000000 00:00 0 
7f3c60000000-7f3c60021000 rw-p 00000000 00:00 0 
7f3c60021000-7f3c64000000 ---p 00000000 00:00 0 
7f3c64000000-7f3c64021000 rw-p 00000000 00:00 0 
7f3c64021000-7f3c68000000 ---p 00000000 00:00 0 
7f3c68000000-7f3c680ed000 rw-p 00000000 00:00 0 
7f3c680ed000-7f3c6c000000 ---p 00000000 00:00 0 
7f3c6c000000-7f3c6c021000 rw-p 00000000 00:00 0 
7f3c6c021000-7f3c70000000 ---p 00000000 00:00 0 
7f3c70000000-7f3c70099000 rw-p 00000000 00:00 0 
7f3c70099000-7f3c74000000 ---p 00000000 00:00 0 
7f3c74000000-7f3c74021000 rw-p 00000000 00:00 0 
7f3c74021000-7f3c78000000 ---p 00000000 00:00 0 
7f3c78000000-7f3c78021000 rw-p 00000000 00:00 0 
7f3c78021000-7f3c7c000000 ---p 00000000 00:00 0 
7f3c7c000000-7f3c7c021000 rw-p 00000000 00:00 0 
7f3c7c021000-7f3c80000000 ---p 00000000 00:00 0 
7f3c80000000-7f3c80021000 rw-p 00000000 00:00 0 
7f3c80021000-7f3c84000000 ---p 00000000 00:00 0 
7f3c84000000-7f3c84021000 rw-p 00000000 00:00 0 
7f3c84021000-7f3c88000000 ---p 00000000 00:00 0 
7f3c88000000-7f3c88423000 rw-p 00000000 00:00 0 
7f3c88423000-7f3c8c000000 ---p 00000000 00:00 0 
7f3c8c000000-7f3c8c097000 rw-p 00000000 00:00 0 
7f3c8c097000-7f3c90000000 ---p 00000000 00:00 0 
7f3c90000000-7f3c90021000 rw-p 00000000 00:00 0 
7f3c90021000-7f3c94000000 ---p 00000000 00:00 0 
7f3c94000000-7f3c957a1000 rw-p 00000000 00:00 0 
7f3c957a1000-7f3c98000000 ---p 00000000 00:00 0 
7f3c98000000-7f3c98021000 rw-p 00000000 00:00 0 
7f3c98021000-7f3c9c000000 ---p 00000000 00:00 0 
7f3c9c000000-7f3c9c021000 rw-p 00000000 00:00 0 
7f3c9c021000-7f3ca0000000 ---p 00000000 00:00 0 
7f3ca0000000-7f3ca22dd000 rw-p 00000000 00:00 0 
7f3ca22dd000-7f3ca4000000 ---p 00000000 00:00 0 
7f3ca4000000-7f3ca5607000 rw-p 00000000 00:00 0 
7f3ca5607000-7f3ca8000000 ---p 00000000 00:00 0 
7f3ca8000000-7f3ca9721000 rw-p 00000000 00:00 0 
7f3ca9721000-7f3cac000000 ---p 00000000 00:00 0 
7f3cac000000-7f3cad6d7000 rw-p 00000000 00:00 0 
7f3cad6d7000-7f3cb0000000 ---p 00000000 00:00 0 
7f3cb0000000-7f3cb0021000 rw-p 00000000 00:00 0 
7f3cb0021000-7f3cb4000000 ---p 00000000 00:00 0 
7f3cb4000000-7f3cb4021000 rw-p 00000000 00:00 0 
7f3cb4021000-7f3cb8000000 ---p 00000000 00:00 0 
7f3cb8000000-7f3cb8022000 rw-p 00000000 00:00 0 
7f3cb8022000-7f3cbc000000 ---p 00000000 00:00 0 
7f3cbc000000-7f3cbc021000 rw-p 00000000 00:00 0 
7f3cbc021000-7f3cc0000000 ---p 00000000 00:00 0 
7f3cc0000000-7f3cc0021000 rw-p 00000000 00:00 0 
7f3cc0021000-7f3cc4000000 ---p 00000000 00:00 0 
7f3cc4000000-7f3cc4021000 rw-p 00000000 00:00 0 
7f3cc4021000-7f3cc8000000 ---p 00000000 00:00 0 
7f3cc8000000-7f3cc8021000 rw-p 00000000 00:00 0 
7f3cc8021000-7f3ccc000000 ---p 00000000 00:00 0 
7f3cd0000000-7f3cd0021000 rw-p 00000000 00:00 0 
7f3cd0021000-7f3cd4000000 ---p 00000000 00:00 0 
7f3cd8000000-7f3cd8021000 rw-p 00000000 00:00 0 
7f3cd8021000-7f3cdc000000 ---p 00000000 00:00 0 
7f3cdca35000-7f3cdcab5000 rw-p 00000000 00:00 0 
7f3cdcab5000-7f3cdcc35000 ---p 00000000 00:00 0 
7f3cdcc35000-7f3cdcc38000 ---p 00000000 00:00 0 
7f3cdcc38000-7f3cdcd36000 rw-p 00000000 00:00 0 
7f3cdcd36000-7f3cdcd39000 ---p 00000000 00:00 0 
7f3cdcd39000-7f3cdce37000 rw-p 00000000 00:00 0 
7f3cdce37000-7f3cdce3a000 ---p 00000000 00:00 0 
7f3cdce3a000-7f3cdcf38000 rw-p 00000000 00:00 0 
7f3cdcf38000-7f3cdcf3b000 ---p 00000000 00:00 0 
7f3cdcf3b000-7f3cdd039000 rw-p 00000000 00:00 0 
7f3cdd039000-7f3cdd03c000 ---p 00000000 00:00 0 
7f3cdd03c000-7f3cdd13a000 rw-p 00000000 00:00 0 
7f3cdd13a000-7f3cdd13d000 ---p 00000000 00:00 0 
7f3cdd13d000-7f3cdd23b000 rw-p 00000000 00:00 0 
7f3cdd23b000-7f3cdd23e000 ---p 00000000 00:00 0 
7f3cdd23e000-7f3cdd33c000 rw-p 00000000 00:00 0 
7f3cdd33c000-7f3cdd33f000 ---p 00000000 00:00 0 
7f3cdd33f000-7f3cdd43d000 rw-p 00000000 00:00 0 
7f3cdd43d000-7f3cdd440000 ---p 00000000 00:00 0 
7f3cdd440000-7f3cdd53e000 rw-p 00000000 00:00 0 
7f3cdd53e000-7f3cdd541000 ---p 00000000 00:00 0 
7f3cdd541000-7f3cdd63f000 rw-p 00000000 00:00 0 
7f3cdd63f000-7f3cdd642000 ---p 00000000 00:00 0 
7f3cdd642000-7f3cdd740000 rw-p 00000000 00:00 0 
7f3cdd740000-7f3cdd743000 ---p 00000000 00:00 0 
7f3cdd743000-7f3cdd841000 rw-p 00000000 00:00 0 
7f3cdd841000-7f3cdd844000 ---p 00000000 00:00 0 
7f3cdd844000-7f3cdd942000 rw-p 00000000 00:00 0 
7f3cdd942000-7f3cdd945000 ---p 00000000 00:00 0 
7f3cdd945000-7f3cdda43000 rw-p 00000000 00:00 0 
7f3cdda43000-7f3cdda46000 ---p 00000000 00:00 0 
7f3cdda46000-7f3cddd44000 rw-p 00000000 00:00 0 
7f3cddd44000-7f3cddd47000 ---p 00000000 00:00 0 
7f3cddd47000-7f3cdde45000 rw-p 00000000 00:00 0 
7f3cdde45000-7f3cdde48000 ---p 00000000 00:00 0 
7f3cdde48000-7f3cde146000 rw-p 00000000 00:00 0 
7f3cde146000-7f3cde346000 rw-p 00000000 00:00 0 
7f3cde346000-7f3cde546000 rw-p 00000000 00:00 0 
7f3cde546000-7f3cde746000 rw-p 00000000 00:00 0 
7f3cde746000-7f3cde946000 rw-p 00000000 00:00 0 
7f3cde946000-7f3cdeb46000 rw-p 00000000 00:00 0 
7f3cdeb46000-7f3cded46000 rw-p 00000000 00:00 0 
7f3cded46000-7f3cdef46000 rw-p 00000000 00:00 0 
7f3cdef46000-7f3cdf146000 rw-p 00000000 00:00 0 
7f3cdf146000-7f3cdf346000 rw-p 00000000 00:00 0 
7f3cdf346000-7f3cdf349000 ---p 00000000 00:00 0 
7f3cdf349000-7f3cdf647000 rw-p 00000000 00:00 0 
7f3cdf647000-7f3cdf64a000 ---p 00000000 00:00 0 
7f3cdf64a000-7f3cdf948000 rw-p 00000000 00:00 0 
7f3cdf948000-7f3cdfb48000 rw-p 00000000 00:00 0 
7f3cdfbfe000-7f3cdfc01000 ---p 00000000 00:00 0 
7f3cdfc01000-7f3cdfcff000 rw-p 00000000 00:00 0 
7f3cdfcff000-7f3cdfd02000 ---p 00000000 00:00 0 
7f3cdfd02000-7f3ce0000000 rw-p 00000000 00:00 0 
7f3ce0000000-7f3ce0021000 rw-p 00000000 00:00 0 
7f3ce0021000-7f3ce4000000 ---p 00000000 00:00 0 
7f3ce4054000-7f3ce4254000 rw-p 00000000 00:00 0 
7f3ce4254000-7f3ce4454000 rw-p 00000000 00:00 0 
7f3ce4454000-7f3ce4654000 rw-p 00000000 00:00 0 
7f3ce4654000-7f3ce4854000 rw-p 00000000 00:00 0 
7f3ce48f5000-7f3ce48fa000 r--s 002f9000 08:05 9963231                    /usr/lib/jvm/java-8-openjdk-amd64/jre/lib/charsets.jar
7f3ce48fa000-7f3ce48ff000 r--s 0009d000 08:05 9963244                    /usr/lib/jvm/java-8-openjdk-amd64/jre/lib/jsse.jar
7f3ce48ff000-7f3ce4910000 r-xp 00000000 08:05 9963221                    /usr/lib/jvm/java-8-openjdk-amd64/jre/lib/amd64/libnio.so
7f3ce4910000-7f3ce4b10000 ---p 00011000 08:05 9963221                    /usr/lib/jvm/java-8-openjdk-amd64/jre/lib/amd64/libnio.so
7f3ce4b10000-7f3ce4b11000 r--p 00011000 08:05 9963221                    /usr/lib/jvm/java-8-openjdk-amd64/jre/lib/amd64/libnio.so
7f3ce4b11000-7f3ce4b12000 rw-p 00012000 08:05 9963221                    /usr/lib/jvm/java-8-openjdk-amd64/jre/lib/amd64/libnio.so
7f3ce4b12000-7f3ce4d12000 rw-p 00000000 00:00 0 
7f3ce4d12000-7f3ce4f12000 rw-p 00000000 00:00 0 
7f3ce4f12000-7f3ce5112000 rw-p 00000000 00:00 0 
7f3ce5112000-7f3ce5129000 r-xp 00000000 08:05 9963220                    /usr/lib/jvm/java-8-openjdk-amd64/jre/lib/amd64/libnet.so
7f3ce5129000-7f3ce5328000 ---p 00017000 08:05 9963220                    /usr/lib/jvm/java-8-openjdk-amd64/jre/lib/amd64/libnet.so
7f3ce5328000-7f3ce5329000 r--p 00016000 08:05 9963220                    /usr/lib/jvm/java-8-openjdk-amd64/jre/lib/amd64/libnet.so
7f3ce5329000-7f3ce532a000 rw-p 00017000 08:05 9963220                    /usr/lib/jvm/java-8-openjdk-amd64/jre/lib/amd64/libnet.so
7f3ce532a000-7f3ce5333000 r-xp 00000000 08:05 9963218                    /usr/lib/jvm/java-8-openjdk-amd64/jre/lib/amd64/libmanagement.so
7f3ce5333000-7f3ce5532000 ---p 00009000 08:05 9963218                    /usr/lib/jvm/java-8-openjdk-amd64/jre/lib/amd64/libmanagement.so
7f3ce5532000-7f3ce5533000 r--p 00008000 08:05 9963218                    /usr/lib/jvm/java-8-openjdk-amd64/jre/lib/amd64/libmanagement.so
7f3ce5533000-7f3ce5534000 rw-p 00009000 08:05 9963218                    /usr/lib/jvm/java-8-openjdk-amd64/jre/lib/amd64/libmanagement.so
7f3ce5534000-7f3ce5734000 rw-p 00000000 00:00 0 
7f3ce5734000-7f3ce5934000 rw-p 00000000 00:00 0 
7f3ce5934000-7f3ce5937000 ---p 00000000 00:00 0 
7f3ce5937000-7f3ce5a35000 rw-p 00000000 00:00 0 
7f3ce5a35000-7f3ce5a38000 ---p 00000000 00:00 0 
7f3ce5a38000-7f3ce5b36000 rw-p 00000000 00:00 0 
7f3ce5b36000-7f3ce5b39000 ---p 00000000 00:00 0 
7f3ce5b39000-7f3ce5c37000 rw-p 00000000 00:00 0 
7f3ce5c37000-7f3ce5c3e000 r--s 00000000 08:05 9964607                    /usr/lib/x86_64-linux-gnu/gconv/gconv-modules.cache
7f3ce5c3e000-7f3ce5c62000 r--p 00000000 08:05 11160796                   /usr/share/locale-langpack/es/LC_MESSAGES/libc.mo
7f3ce5c62000-7f3ce5c64000 r--s 00003000 08:05 12583738                   /home/marco/.m2/repository/org/apache/logging/log4j/log4j-to-slf4j/2.10.0/log4j-to-slf4j-2.10.0.jar
7f3ce5c64000-7f3ce5c84000 r--s 001a9000 08:05 13246592                   /home/marco/.m2/repository/org/apache/poi/poi/3.9/poi-3.9.jar
7f3ce5c84000-7f3ce5c85000 r--s 00000000 08:05 12589997                   /home/marco/.m2/repository/org/springframework/boot/spring-boot-starter-data-jpa/2.0.5.RELEASE/spring-boot-starter-data-jpa-2.0.5.RELEASE.jar
7f3ce5c85000-7f3ce5c8b000 r--s 0002d000 08:05 12714263                   /home/marco/.m2/repository/org/springframework/boot/spring-boot-devtools/2.0.5.RELEASE/spring-boot-devtools-2.0.5.RELEASE.jar
7f3ce5c8b000-7f3ce5c8e000 r--s 0000b000 08:05 2361708                    /home/marco/.m2/repository/io/springfox/springfox-spi/2.9.2/springfox-spi-2.9.2.jar
7f3ce5c8e000-7f3ce5c91000 r--s 00012000 08:05 13246588                   /home/marco/.m2/repository/org/aeonbits/owner/owner/1.0.9/owner-1.0.9.jar
7f3ce5c91000-7f3ce5c96000 r--s 00017000 08:05 12714219                   /home/marco/.m2/repository/org/hibernate/javax/persistence/hibernate-jpa-2.1-api/1.0.2.Final/hibernate-jpa-2.1-api-1.0.2.Final.jar
7f3ce5c96000-7f3ce5c98000 r--s 00006000 08:05 12714215                   /home/marco/.m2/repository/javax/transaction/javax.transaction-api/1.2/javax.transaction-api-1.2.jar
7f3ce5c98000-7f3ce5cae000 r--s 001ef000 08:05 2361830                    /home/marco/.m2/repository/com/itextpdf/itextpdf/5.5.0/itextpdf-5.5.0.jar
7f3ce5cae000-7f3ce5cb0000 r--s 00009000 08:05 12583766                   /home/marco/.m2/repository/org/slf4j/slf4j-api/1.7.25/slf4j-api-1.7.25.jar
7f3ce5cb0000-7f3ce5cbd000 r--s 0006c000 08:05 12714255                   /home/marco/.m2/repository/org/springframework/security/spring-security-web/5.0.8.RELEASE/spring-security-web-5.0.8.RELEASE.jar
7f3ce5cbd000-7f3ce5ccc000 r--s 000b3000 08:05 12715105                   /home/marco/.m2/repository/org/springframework/spring-webmvc/5.0.9.RELEASE/spring-webmvc-5.0.9.RELEASE.jar
7f3ce5ccc000-7f3ce5cd1000 r--s 0004b000 08:05 12583776                   /home/marco/.m2/repository/com/fasterxml/jackson/core/jackson-core/2.9.6/jackson-core-2.9.6.jar
7f3ce5cd1000-7f3ce5cd2000 r--s 00000000 08:05 12715107                   /home/marco/.m2/repository/org/springframework/boot/spring-boot-starter-tomcat/2.0.5.RELEASE/spring-boot-starter-tomcat-2.0.5.RELEASE.jar
7f3ce5cd2000-7f3ce5cec000 r--s 0011b000 08:05 12714260                   /home/marco/.m2/repository/org/springframework/spring-web/5.0.9.RELEASE/spring-web-5.0.9.RELEASE.jar
7f3ce5cec000-7f3ce5d0d000 r--s 000fe000 08:05 12714267                   /home/marco/.m2/repository/org/springframework/boot/spring-boot-autoconfigure/2.0.5.RELEASE/spring-boot-autoconfigure-2.0.5.RELEASE.jar
7f3ce5d0d000-7f3ce5d26000 r--s 001bf000 08:05 12714213                   /home/marco/.m2/repository/org/aspectj/aspectjweaver/1.8.13/aspectjweaver-1.8.13.jar
7f3ce5d26000-7f3ce5d29000 r--s 0000e000 08:05 2361702                    /home/marco/.m2/repository/io/springfox/springfox-swagger2/2.9.2/springfox-swagger2-2.9.2.jar
7f3ce5d29000-7f3ce5d32000 r--s 000ed000 08:05 12714269                   /home/marco/.m2/repository/mysql/mysql-connector-java/5.1.47/mysql-connector-java-5.1.47.jar
7f3ce5d32000-7f3ce5d36000 r--s 00022000 08:05 2361706                    /home/marco/.m2/repository/io/swagger/swagger-models/1.5.20/swagger-models-1.5.20.jar
7f3ce5d36000-7f3ce5d3b000 r--s 0003a000 08:05 12715113                   /home/marco/.m2/repository/org/apache/tomcat/embed/tomcat-embed-websocket/8.5.34/tomcat-embed-websocket-8.5.34.jar
7f3ce5d3b000-7f3ce5d45000 r--s 000ab000 08:05 12714221                   /home/marco/.m2/repository/org/javassist/javassist/3.22.0-GA/javassist-3.22.0-GA.jar
7f3ce5d45000-7f3ce5d81000 r--s 00290000 08:05 12583824                   /home/marco/.m2/repository/net/bytebuddy/byte-buddy/1.7.11/byte-buddy-1.7.11.jar
7f3ce5d81000-7f3ce5d8b000 r--s 00096000 08:05 12728292                   /home/marco/.m2/repository/org/apache/tomcat/embed/tomcat-embed-jasper/8.5.34/tomcat-embed-jasper-8.5.34.jar
7f3ce5d8b000-7f3ce5d8f000 r--s 00019000 08:05 2361710                    /home/marco/.m2/repository/io/springfox/springfox-core/2.9.2/springfox-core-2.9.2.jar
7f3ce5d8f000-7f3ce5d96000 r--s 0004b000 08:05 2361001                    /home/marco/.m2/repository/commons-codec/commons-codec/1.11/commons-codec-1.11.jar
7f3ce5d96000-7f3ce5d9a000 r--s 00020000 08:05 12583764                   /home/marco/.m2/repository/com/zaxxer/HikariCP/2.7.9/HikariCP-2.7.9.jar
7f3ce5d9a000-7f3ce5d9e000 r--s 00017000 08:05 2361714                    /home/marco/.m2/repository/io/springfox/springfox-swagger-common/2.9.2/springfox-swagger-common-2.9.2.jar
7f3ce5d9e000-7f3ce5da1000 r--s 00012000 08:05 2361712                    /home/marco/.m2/repository/io/springfox/springfox-schema/2.9.2/springfox-schema-2.9.2.jar
7f3ce5da1000-7f3ce5da6000 r--s 00027000 08:05 12715053                   /home/marco/.m2/repository/mx/com/tp/smc/tp-smc-back/0.0.1-SNAPSHOT/tp-smc-back-0.0.1-SNAPSHOT.jar
7f3ce5da6000-7f3ce5da9000 r--s 0000e000 08:05 12583774                   /home/marco/.m2/repository/com/fasterxml/jackson/core/jackson-annotations/2.9.0/jackson-annotations-2.9.0.jar
7f3ce5da9000-7f3ce5dab000 r--s 00000000 08:05 2361470                    /home/marco/.m2/repository/org/springframework/plugin/spring-plugin-metadata/1.2.0.RELEASE/spring-plugin-metadata-1.2.0.RELEASE.jar
7f3ce5dab000-7f3ce5dac000 r--s 00004000 08:05 12321990                   /home/marco/.m2/repository/org/springframework/security/spring-security-taglibs/5.0.8.RELEASE/spring-security-taglibs-5.0.8.RELEASE.jar
7f3ce5dac000-7f3ce5dc4000 r--s 00114000 08:05 12714277                   /home/marco/.m2/repository/org/springframework/spring-core/5.0.9.RELEASE/spring-core-5.0.9.RELEASE.jar
7f3ce5dc4000-7f3ce5dc7000 r--s 00016000 08:05 12583780                   /home/marco/.m2/repository/com/fasterxml/jackson/datatype/jackson-datatype-jsr310/2.9.6/jackson-datatype-jsr310-2.9.6.jar
7f3ce5dc7000-7f3ce5dc9000 r--s 0000a000 08:05 12714243                   /home/marco/.m2/repository/org/springframework/spring-aspects/5.0.9.RELEASE/spring-aspects-5.0.9.RELEASE.jar
7f3ce5dc9000-7f3ce5dcb000 r--s 00003000 08:05 12727639                   /home/marco/.m2/repository/org/slf4j/jcl-over-slf4j/1.7.25/jcl-over-slf4j-1.7.25.jar
7f3ce5dcb000-7f3ce5dd0000 r--s 00068000 08:05 12714223                   /home/marco/.m2/repository/antlr/antlr/2.7.7/antlr-2.7.7.jar
7f3ce5dd0000-7f3ce5dd5000 r--s 00012000 08:05 12583787                   /home/marco/.m2/repository/javax/validation/validation-api/2.0.1.Final/validation-api-2.0.1.Final.jar
7f3ce5dd5000-7f3ce5df2000 r--s 000fe000 08:05 12715102                   /home/marco/.m2/repository/org/hibernate/validator/hibernate-validator/6.0.12.Final/hibernate-validator-6.0.12.Final.jar
7f3ce5df2000-7f3ce5df3000 r--s 00000000 08:05 12714245                   /home/marco/.m2/repository/org/springframework/boot/spring-boot-starter-jdbc/2.0.5.RELEASE/spring-boot-starter-jdbc-2.0.5.RELEASE.jar
7f3ce5df3000-7f3ce5dfb000 r--s 00037000 08:05 12714239                   /home/marco/.m2/repository/org/springframework/spring-tx/5.0.9.RELEASE/spring-tx-5.0.9.RELEASE.jar
7f3ce5dfb000-7f3ce5e04000 r--s 0006f000 08:05 2360975                    /home/marco/.m2/repository/log4j/log4j/1.2.17/log4j-1.2.17.jar
7f3ce5e04000-7f3ce5e05000 r--s 00000000 08:05 12714209                   /home/marco/.m2/repository/org/springframework/boot/spring-boot-starter-logging/2.0.5.RELEASE/spring-boot-starter-logging-2.0.5.RELEASE.jar
7f3ce5e05000-7f3ce5e18000 r--s 00244000 08:05 12718070                   /home/marco/.m2/repository/org/eclipse/jdt/ecj/3.12.3/ecj-3.12.3.jar
7f3ce5e18000-7f3ce5e1b000 r--s 00025000 08:05 12583856                   /home/marco/.m2/repository/org/antlr/antlr-runtime/3.3/antlr-runtime-3.3.jar
7f3ce5e1b000-7f3ce5e23000 r--s 0004c000 08:05 12714231                   /home/marco/.m2/repository/org/springframework/data/spring-data-jpa/2.0.10.RELEASE/spring-data-jpa-2.0.10.RELEASE.jar
7f3ce5e23000-7f3ce5e2c000 r--s 00051000 08:05 12714251                   /home/marco/.m2/repository/org/springframework/spring-aop/5.0.9.RELEASE/spring-aop-5.0.9.RELEASE.jar
7f3ce5e2c000-7f3ce5e2e000 r--s 00000000 08:05 12583742                   /home/marco/.m2/repository/org/slf4j/jul-to-slf4j/1.7.25/jul-to-slf4j-1.7.25.jar
7f3ce5e2e000-7f3ce5e2f000 r--s 00004000 08:05 2361468                    /home/marco/.m2/repository/org/springframework/plugin/spring-plugin-core/1.2.0.RELEASE/spring-plugin-core-1.2.0.RELEASE.jar
7f3ce5e2f000-7f3ce5e31000 r--s 00001000 08:05 12583783                   /home/marco/.m2/repository/com/fasterxml/jackson/module/jackson-module-parameter-names/2.9.6/jackson-module-parameter-names-2.9.6.jar
7f3ce5e31000-7f3ce5e35000 r--s 00027000 08:05 12727693                   /home/marco/.m2/repository/commons-io/commons-io/2.2/commons-io-2.2.jar
7f3ce5e35000-7f3ce5e3a000 r--s 00038000 08:05 12715112                   /home/marco/.m2/repository/org/apache/tomcat/embed/tomcat-embed-el/8.5.34/tomcat-embed-el-8.5.34.jar
7f3ce5e3a000-7f3ce5e4b000 r--s 0008a000 08:05 12322680                   /home/marco/.m2/repository/joda-time/joda-time/2.9.9/joda-time-2.9.9.jar
7f3ce5e4b000-7f3ce5e4d000 r--s 00004000 08:05 12714279                   /home/marco/.m2/repository/org/springframework/spring-jcl/5.0.9.RELEASE/spring-jcl-5.0.9.RELEASE.jar
7f3ce5e4d000-7f3ce5e4f000 r--s 00007000 08:05 12583779                   /home/marco/.m2/repository/com/fasterxml/jackson/datatype/jackson-datatype-jdk8/2.9.6/jackson-datatype-jdk8-2.9.6.jar
7f3ce5e4f000-7f3ce5e62000 r--s 00137000 08:05 12583773                   /home/marco/.m2/repository/com/fasterxml/jackson/core/jackson-databind/2.9.6/jackson-databind-2.9.6.jar
7f3ce5e62000-7f3ce5e6d000 r--s 00069000 08:05 12583736                   /home/marco/.m2/repository/ch/qos/logback/logback-core/1.2.3/logback-core-1.2.3.jar
7f3ce5e6d000-7f3ce5e7a000 r--s 00095000 08:05 12714241                   /home/marco/.m2/repository/org/springframework/spring-beans/5.0.9.RELEASE/spring-beans-5.0.9.RELEASE.jar
7f3ce5e7a000-7f3ce5e8f000 r--s 000d0000 08:05 12714265                   /home/marco/.m2/repository/org/springframework/boot/spring-boot/2.0.5.RELEASE/spring-boot-2.0.5.RELEASE.jar
7f3ce5e8f000-7f3ce5e91000 r--s 00004000 08:05 2361704                    /home/marco/.m2/repository/io/swagger/swagger-annotations/1.5.20/swagger-annotations-1.5.20.jar
7f3ce5e91000-7f3ce5e98000 r--s 00042000 08:05 12583744                   /home/marco/.m2/repository/org/yaml/snakeyaml/1.19/snakeyaml-1.19.jar
7f3ce5e98000-7f3ce5e9d000 r--s 00040000 08:05 12714257                   /home/marco/.m2/repository/org/springframework/spring-expression/5.0.9.RELEASE/spring-expression-5.0.9.RELEASE.jar
7f3ce5e9d000-7f3ce5ea0000 r--s 0002b000 08:05 12714225                   /home/marco/.m2/repository/org/jboss/jandex/2.0.3.Final/jandex-2.0.3.Final.jar
7f3ce5ea0000-7f3ce5ea5000 r--s 0002b000 08:05 2361716                    /home/marco/.m2/repository/io/springfox/springfox-spring-web/2.9.2/springfox-spring-web-2.9.2.jar
7f3ce5ea5000-7f3ce5ea8000 r--s 00013000 08:05 2361365                    /home/marco/.m2/repository/org/springframework/security/spring-security-acl/5.0.8.RELEASE/spring-security-acl-5.0.8.RELEASE.jar
7f3ce5ea8000-7f3ce5eb4000 r--s 0005c000 08:05 12714285                   /home/marco/.m2/repository/org/springframework/security/spring-security-core/5.0.8.RELEASE/spring-security-core-5.0.8.RELEASE.jar
7f3ce5eb4000-7f3ce5eb6000 r--s 00004000 08:05 2361718                    /home/marco/.m2/repository/org/mapstruct/mapstruct/1.2.0.Final/mapstruct-1.2.0.Final.jar
7f3ce5eb6000-7f3ce5ec1000 r--s 0009e000 08:05 12714253                   /home/marco/.m2/repository/org/springframework/security/spring-security-config/5.0.8.RELEASE/spring-security-config-5.0.8.RELEASE.jar
7f3ce5ec1000-7f3ce5ec6000 r--s 00048000 08:05 12714227                   /home/marco/.m2/repository/dom4j/dom4j/1.6.1/dom4j-1.6.1.jar
7f3ce5ec6000-7f3ce5ec8000 r--s 0000f000 08:05 13246590                   /home/marco/.m2/repository/commons-fileupload/commons-fileupload/1.3.1/commons-fileupload-1.3.1.jar
7f3ce5ec8000-7f3ce5edf000 r--s 000f2000 08:05 12714234                   /home/marco/.m2/repository/org/springframework/data/spring-data-commons/2.0.10.RELEASE/spring-data-commons-2.0.10.RELEASE.jar
7f3ce5edf000-7f3ce5f0e000 r--s 00226000 08:05 13246484                   /home/marco/.m2/repository/com/google/guava/guava/20.0/guava-20.0.jar
7f3ce5f0e000-7f3ce5f17000 r--s 00059000 08:05 12714247                   /home/marco/.m2/repository/org/springframework/spring-jdbc/5.0.9.RELEASE/spring-jdbc-5.0.9.RELEASE.jar
7f3ce5f17000-7f3ce5f1b000 r--s 0002b000 08:05 12714236                   /home/marco/.m2/repository/org/springframework/spring-orm/5.0.9.RELEASE/spring-orm-5.0.9.RELEASE.jar
7f3ce5f1b000-7f3ce5f1d000 r--s 0000f000 08:05 12583788                   /home/marco/.m2/repository/org/jboss/logging/jboss-logging/3.3.2.Final/jboss-logging-3.3.2.Final.jar
7f3ce5f1d000-7f3ce5f37000 r--s 000f1000 08:05 12714237                   /home/marco/.m2/repository/org/springframework/spring-context/5.0.9.RELEASE/spring-context-5.0.9.RELEASE.jar
7f3ce5f37000-7f3ce5fb5000 r--s 005f0000 08:05 12714218                   /home/marco/.m2/repository/org/hibernate/hibernate-core/5.2.17.Final/hibernate-core-5.2.17.Final.jar
7f3ce5fb5000-7f3ce5fdf000 r--s 002d5000 08:05 12715109                   /home/marco/.m2/repository/org/apache/tomcat/embed/tomcat-embed-core/8.5.34/tomcat-embed-core-8.5.34.jar
7f3ce5fdf000-7f3ce5ffa000 r--s 00394000 08:05 10227368                   /usr/lib/jvm/java-8-openjdk-amd64/jre/lib/ext/cldrdata.jar
7f3ce5ffa000-7f3ce5ffb000 ---p 00000000 00:00 0 
7f3ce5ffb000-7f3ce60fb000 rw-p 00000000 00:00 0 
7f3ce60fb000-7f3ce60fe000 ---p 00000000 00:00 0 
7f3ce60fe000-7f3ce61fc000 rw-p 00000000 00:00 0 
7f3ce61fc000-7f3ce61fd000 ---p 00000000 00:00 0 
7f3ce61fd000-7f3ce6200000 ---p 00000000 00:00 0 
7f3ce6200000-7f3ce62fd000 rw-p 00000000 00:00 0 
7f3ce62fd000-7f3ce62fe000 ---p 00000000 00:00 0 
7f3ce62fe000-7f3ce6301000 ---p 00000000 00:00 0 
7f3ce6301000-7f3ce63fe000 rw-p 00000000 00:00 0 
7f3ce63fe000-7f3ce63ff000 ---p 00000000 00:00 0 
7f3ce63ff000-7f3ce6402000 ---p 00000000 00:00 0 
7f3ce6402000-7f3ce64ff000 rw-p 00000000 00:00 0 
7f3ce64ff000-7f3ce6500000 ---p 00000000 00:00 0 
7f3ce6500000-7f3ce6503000 ---p 00000000 00:00 0 
7f3ce6503000-7f3ce6600000 rw-p 00000000 00:00 0 
7f3ce6600000-7f3ce6603000 ---p 00000000 00:00 0 
7f3ce6603000-7f3ce6701000 rw-p 00000000 00:00 0 
7f3ce6701000-7f3ce70d0000 r--p 00000000 08:05 9706147                    /usr/lib/locale/locale-archive
7f3ce70d0000-7f3ce70d3000 ---p 00000000 00:00 0 
7f3ce70d3000-7f3ce71d1000 rw-p 00000000 00:00 0 
7f3ce71d1000-7f3ce71d4000 ---p 00000000 00:00 0 
7f3ce71d4000-7f3ce72d2000 rw-p 00000000 00:00 0 
7f3ce72d2000-7f3ce72d3000 ---p 00000000 00:00 0 
7f3ce72d3000-7f3ce8000000 rw-p 00000000 00:00 0 
7f3ce8000000-7f3ce8021000 rw-p 00000000 00:00 0 
7f3ce8021000-7f3cec000000 ---p 00000000 00:00 0 
7f3cec000000-7f3cec001000 r--s 00000000 08:05 12715100                   /home/marco/.m2/repository/org/springframework/boot/spring-boot-starter-json/2.0.5.RELEASE/spring-boot-starter-json-2.0.5.RELEASE.jar
7f3cec001000-7f3cec01c000 r--s 001d6000 08:05 10229167                   /usr/lib/jvm/java-8-openjdk-amd64/jre/lib/ext/nashorn.jar
7f3cec01c000-7f3cf0000000 rw-p 00000000 00:00 0 
7f3cf0000000-7f3cf0021000 rw-p 00000000 00:00 0 
7f3cf0021000-7f3cf4000000 ---p 00000000 00:00 0 
7f3cf4000000-7f3cf4001000 r--s 00002000 08:05 12728056                   /home/marco/.m2/repository/org/slf4j/slf4j-log4j12/1.7.25/slf4j-log4j12-1.7.25.jar
7f3cf4001000-7f3cf4003000 r--s 002c4000 08:05 2361723                    /home/marco/.m2/repository/io/springfox/springfox-swagger-ui/2.9.2/springfox-swagger-ui-2.9.2.jar
7f3cf4003000-7f3cf4009000 r--s 00039000 08:05 12583740                   /home/marco/.m2/repository/org/apache/logging/log4j/log4j-api/2.10.0/log4j-api-2.10.0.jar
7f3cf4009000-7f3cf4dbb000 rw-p 00000000 00:00 0 
7f3cf4dbb000-7f3cf4f8a000 r--s 03c32000 08:05 9963249                    /usr/lib/jvm/java-8-openjdk-amd64/jre/lib/rt.jar
7f3cf4f8a000-7f3cf5000000 rw-p 00000000 00:00 0 
7f3cf5000000-7f3cf6480000 rwxp 00000000 00:00 0 
7f3cf6480000-7f3d04000000 ---p 00000000 00:00 0 
7f3d04000000-7f3d04af2000 rw-p 00000000 00:00 0 
7f3d04af2000-7f3d08000000 ---p 00000000 00:00 0 
7f3d08000000-7f3d08001000 r--s 00000000 08:05 14695755                   /home/marco/.m2/repository/org/springframework/boot/spring-boot-starter-log4j/1.3.8.RELEASE/spring-boot-starter-log4j-1.3.8.RELEASE.jar
7f3d08001000-7f3d08003000 r--s 00005000 08:05 12583844                   /home/marco/.m2/repository/javax/annotation/javax.annotation-api/1.3.2/javax.annotation-api-1.3.2.jar
7f3d08003000-7f3d08009000 r--s 00041000 08:05 12583734                   /home/marco/.m2/repository/ch/qos/logback/logback-classic/1.2.3/logback-classic-1.2.3.jar
7f3d08009000-7f3d0800b000 r--s 0000e000 08:05 12452721                   /home/marco/.m2/repository/com/fasterxml/classmate/1.3.4/classmate-1.3.4.jar
7f3d0800b000-7f3d0800c000 r--s 00005000 08:05 12583852                   /home/marco/.m2/repository/com/googlecode/json-simple/json-simple/1.1.1/json-simple-1.1.1.jar
7f3d0800c000-7f3d0800d000 r--s 00000000 08:05 12714249                   /home/marco/.m2/repository/org/springframework/boot/spring-boot-starter-security/2.0.5.RELEASE/spring-boot-starter-security-2.0.5.RELEASE.jar
7f3d0800d000-7f3d08017000 r--s 0005c000 08:05 12718066                   /home/marco/.m2/repository/javax/servlet/jstl/1.2/jstl-1.2.jar
7f3d08017000-7f3d08018000 r--s 00000000 08:05 12715103                   /home/marco/.m2/repository/org/springframework/boot/spring-boot-starter-web/2.0.5.RELEASE/spring-boot-starter-web-2.0.5.RELEASE.jar
7f3d08018000-7f3d08019000 r--s 00000000 08:05 12714207                   /home/marco/.m2/repository/org/springframework/boot/spring-boot-starter/2.0.5.RELEASE/spring-boot-starter-2.0.5.RELEASE.jar
7f3d08019000-7f3d08c41000 rw-p 00000000 00:00 0 
7f3d08c41000-7f3d08c42000 ---p 00000000 00:00 0 
7f3d08c42000-7f3d08d42000 rw-p 00000000 00:00 0 
7f3d08d42000-7f3d08d43000 ---p 00000000 00:00 0 
7f3d08d43000-7f3d08e43000 rw-p 00000000 00:00 0 
7f3d08e43000-7f3d08e44000 ---p 00000000 00:00 0 
7f3d08e44000-7f3d08f44000 rw-p 00000000 00:00 0 
7f3d08f44000-7f3d08f45000 ---p 00000000 00:00 0 
7f3d08f45000-7f3d09045000 rw-p 00000000 00:00 0 
7f3d09045000-7f3d09046000 ---p 00000000 00:00 0 
7f3d09046000-7f3d09146000 rw-p 00000000 00:00 0 
7f3d09146000-7f3d09147000 ---p 00000000 00:00 0 
7f3d09147000-7f3d09247000 rw-p 00000000 00:00 0 
7f3d09247000-7f3d09248000 ---p 00000000 00:00 0 
7f3d09248000-7f3d09348000 rw-p 00000000 00:00 0 
7f3d09348000-7f3d09349000 ---p 00000000 00:00 0 
7f3d09349000-7f3d0948f000 rw-p 00000000 00:00 0 
7f3d0948f000-7f3d096db000 ---p 00000000 00:00 0 
7f3d096db000-7f3d09721000 rw-p 00000000 00:00 0 
7f3d09721000-7f3d0996c000 ---p 00000000 00:00 0 
7f3d0996c000-7f3d09a00000 rw-p 00000000 00:00 0 
7f3d09a00000-7f3d09ab5000 ---p 00000000 00:00 0 
7f3d09ab5000-7f3d09b08000 rw-p 00000000 00:00 0 
7f3d09b08000-7f3d09e76000 ---p 00000000 00:00 0 
7f3d09e76000-7f3d09e7e000 r-xp 00000000 08:05 9963230                    /usr/lib/jvm/java-8-openjdk-amd64/jre/lib/amd64/libzip.so
7f3d09e7e000-7f3d0a07d000 ---p 00008000 08:05 9963230                    /usr/lib/jvm/java-8-openjdk-amd64/jre/lib/amd64/libzip.so
7f3d0a07d000-7f3d0a07e000 r--p 00007000 08:05 9963230                    /usr/lib/jvm/java-8-openjdk-amd64/jre/lib/amd64/libzip.so
7f3d0a07e000-7f3d0a07f000 rw-p 00008000 08:05 9963230                    /usr/lib/jvm/java-8-openjdk-amd64/jre/lib/amd64/libzip.so
7f3d0a07f000-7f3d0a08a000 r-xp 00000000 08:05 21369629                   /lib/x86_64-linux-gnu/libnss_files-2.27.so
7f3d0a08a000-7f3d0a289000 ---p 0000b000 08:05 21369629                   /lib/x86_64-linux-gnu/libnss_files-2.27.so
7f3d0a289000-7f3d0a28a000 r--p 0000a000 08:05 21369629                   /lib/x86_64-linux-gnu/libnss_files-2.27.so
7f3d0a28a000-7f3d0a28b000 rw-p 0000b000 08:05 21369629                   /lib/x86_64-linux-gnu/libnss_files-2.27.so
7f3d0a28b000-7f3d0a291000 rw-p 00000000 00:00 0 
7f3d0a291000-7f3d0a2a8000 r-xp 00000000 08:05 21369623                   /lib/x86_64-linux-gnu/libnsl-2.27.so
7f3d0a2a8000-7f3d0a4a7000 ---p 00017000 08:05 21369623                   /lib/x86_64-linux-gnu/libnsl-2.27.so
7f3d0a4a7000-7f3d0a4a8000 r--p 00016000 08:05 21369623                   /lib/x86_64-linux-gnu/libnsl-2.27.so
7f3d0a4a8000-7f3d0a4a9000 rw-p 00017000 08:05 21369623                   /lib/x86_64-linux-gnu/libnsl-2.27.so
7f3d0a4a9000-7f3d0a4ab000 rw-p 00000000 00:00 0 
7f3d0a4ab000-7f3d0a4b6000 r-xp 00000000 08:05 21369640                   /lib/x86_64-linux-gnu/libnss_nis-2.27.so
7f3d0a4b6000-7f3d0a6b5000 ---p 0000b000 08:05 21369640                   /lib/x86_64-linux-gnu/libnss_nis-2.27.so
7f3d0a6b5000-7f3d0a6b6000 r--p 0000a000 08:05 21369640                   /lib/x86_64-linux-gnu/libnss_nis-2.27.so
7f3d0a6b6000-7f3d0a6b7000 rw-p 0000b000 08:05 21369640                   /lib/x86_64-linux-gnu/libnss_nis-2.27.so
7f3d0a6b7000-7f3d0a6bf000 r-xp 00000000 08:05 21369625                   /lib/x86_64-linux-gnu/libnss_compat-2.27.so
7f3d0a6bf000-7f3d0a8bf000 ---p 00008000 08:05 21369625                   /lib/x86_64-linux-gnu/libnss_compat-2.27.so
7f3d0a8bf000-7f3d0a8c0000 r--p 00008000 08:05 21369625                   /lib/x86_64-linux-gnu/libnss_compat-2.27.so
7f3d0a8c0000-7f3d0a8c1000 rw-p 00009000 08:05 21369625                   /lib/x86_64-linux-gnu/libnss_compat-2.27.so
7f3d0a8c1000-7f3d0a8ef000 r-xp 00000000 08:05 9963209                    /usr/lib/jvm/java-8-openjdk-amd64/jre/lib/amd64/libjava.so
7f3d0a8ef000-7f3d0aaee000 ---p 0002e000 08:05 9963209                    /usr/lib/jvm/java-8-openjdk-amd64/jre/lib/amd64/libjava.so
7f3d0aaee000-7f3d0aaef000 r--p 0002d000 08:05 9963209                    /usr/lib/jvm/java-8-openjdk-amd64/jre/lib/amd64/libjava.so
7f3d0aaef000-7f3d0aaf1000 rw-p 0002e000 08:05 9963209                    /usr/lib/jvm/java-8-openjdk-amd64/jre/lib/amd64/libjava.so
7f3d0aaf1000-7f3d0ab01000 r-xp 00000000 08:05 9963227                    /usr/lib/jvm/java-8-openjdk-amd64/jre/lib/amd64/libverify.so
7f3d0ab01000-7f3d0ad00000 ---p 00010000 08:05 9963227                    /usr/lib/jvm/java-8-openjdk-amd64/jre/lib/amd64/libverify.so
7f3d0ad00000-7f3d0ad02000 r--p 0000f000 08:05 9963227                    /usr/lib/jvm/java-8-openjdk-amd64/jre/lib/amd64/libverify.so
7f3d0ad02000-7f3d0ad03000 rw-p 00011000 08:05 9963227                    /usr/lib/jvm/java-8-openjdk-amd64/jre/lib/amd64/libverify.so
7f3d0ad03000-7f3d0ad0a000 r-xp 00000000 08:05 21369680                   /lib/x86_64-linux-gnu/librt-2.27.so
7f3d0ad0a000-7f3d0af09000 ---p 00007000 08:05 21369680                   /lib/x86_64-linux-gnu/librt-2.27.so
7f3d0af09000-7f3d0af0a000 r--p 00006000 08:05 21369680                   /lib/x86_64-linux-gnu/librt-2.27.so
7f3d0af0a000-7f3d0af0b000 rw-p 00007000 08:05 21369680                   /lib/x86_64-linux-gnu/librt-2.27.so
7f3d0af0b000-7f3d0af22000 r-xp 00000000 08:05 21369576                   /lib/x86_64-linux-gnu/libgcc_s.so.1
7f3d0af22000-7f3d0b121000 ---p 00017000 08:05 21369576                   /lib/x86_64-linux-gnu/libgcc_s.so.1
7f3d0b121000-7f3d0b122000 r--p 00016000 08:05 21369576                   /lib/x86_64-linux-gnu/libgcc_s.so.1
7f3d0b122000-7f3d0b123000 rw-p 00017000 08:05 21369576                   /lib/x86_64-linux-gnu/libgcc_s.so.1
7f3d0b123000-7f3d0b2c0000 r-xp 00000000 08:05 21369602                   /lib/x86_64-linux-gnu/libm-2.27.so
7f3d0b2c0000-7f3d0b4bf000 ---p 0019d000 08:05 21369602                   /lib/x86_64-linux-gnu/libm-2.27.so
7f3d0b4bf000-7f3d0b4c0000 r--p 0019c000 08:05 21369602                   /lib/x86_64-linux-gnu/libm-2.27.so
7f3d0b4c0000-7f3d0b4c1000 rw-p 0019d000 08:05 21369602                   /lib/x86_64-linux-gnu/libm-2.27.so
7f3d0b4c1000-7f3d0b63f000 r-xp 00000000 08:05 9708243                    /usr/lib/x86_64-linux-gnu/libstdc++.so.6.0.25
7f3d0b63f000-7f3d0b83f000 ---p 0017e000 08:05 9708243                    /usr/lib/x86_64-linux-gnu/libstdc++.so.6.0.25
7f3d0b83f000-7f3d0b849000 r--p 0017e000 08:05 9708243                    /usr/lib/x86_64-linux-gnu/libstdc++.so.6.0.25
7f3d0b849000-7f3d0b84b000 rw-p 00188000 08:05 9708243                    /usr/lib/x86_64-linux-gnu/libstdc++.so.6.0.25
7f3d0b84b000-7f3d0b84f000 rw-p 00000000 00:00 0 
7f3d0b84f000-7f3d0c4e4000 r-xp 00000000 08:05 10092894                   /usr/lib/jvm/java-8-openjdk-amd64/jre/lib/amd64/server/libjvm.so
7f3d0c4e4000-7f3d0c6e3000 ---p 00c95000 08:05 10092894                   /usr/lib/jvm/java-8-openjdk-amd64/jre/lib/amd64/server/libjvm.so
7f3d0c6e3000-7f3d0c777000 r--p 00c94000 08:05 10092894                   /usr/lib/jvm/java-8-openjdk-amd64/jre/lib/amd64/server/libjvm.so
7f3d0c777000-7f3d0c79f000 rw-p 00d28000 08:05 10092894                   /usr/lib/jvm/java-8-openjdk-amd64/jre/lib/amd64/server/libjvm.so
7f3d0c79f000-7f3d0c7d0000 rw-p 00000000 00:00 0 
7f3d0c7d0000-7f3d0c7ea000 r-xp 00000000 08:05 21369672                   /lib/x86_64-linux-gnu/libpthread-2.27.so
7f3d0c7ea000-7f3d0c9e9000 ---p 0001a000 08:05 21369672                   /lib/x86_64-linux-gnu/libpthread-2.27.so
7f3d0c9e9000-7f3d0c9ea000 r--p 00019000 08:05 21369672                   /lib/x86_64-linux-gnu/libpthread-2.27.so
7f3d0c9ea000-7f3d0c9eb000 rw-p 0001a000 08:05 21369672                   /lib/x86_64-linux-gnu/libpthread-2.27.so
7f3d0c9eb000-7f3d0c9ef000 rw-p 00000000 00:00 0 
7f3d0c9ef000-7f3d0c9f2000 r-xp 00000000 08:05 21369562                   /lib/x86_64-linux-gnu/libdl-2.27.so
7f3d0c9f2000-7f3d0cbf1000 ---p 00003000 08:05 21369562                   /lib/x86_64-linux-gnu/libdl-2.27.so
7f3d0cbf1000-7f3d0cbf2000 r--p 00002000 08:05 21369562                   /lib/x86_64-linux-gnu/libdl-2.27.so
7f3d0cbf2000-7f3d0cbf3000 rw-p 00003000 08:05 21369562                   /lib/x86_64-linux-gnu/libdl-2.27.so
7f3d0cbf3000-7f3d0cc0f000 r-xp 00000000 08:05 21369711                   /lib/x86_64-linux-gnu/libz.so.1.2.11
7f3d0cc0f000-7f3d0ce0e000 ---p 0001c000 08:05 21369711                   /lib/x86_64-linux-gnu/libz.so.1.2.11
7f3d0ce0e000-7f3d0ce0f000 r--p 0001b000 08:05 21369711                   /lib/x86_64-linux-gnu/libz.so.1.2.11
7f3d0ce0f000-7f3d0ce10000 rw-p 0001c000 08:05 21369711                   /lib/x86_64-linux-gnu/libz.so.1.2.11
7f3d0ce10000-7f3d0cff7000 r-xp 00000000 08:05 21369539                   /lib/x86_64-linux-gnu/libc-2.27.so
7f3d0cff7000-7f3d0d1f7000 ---p 001e7000 08:05 21369539                   /lib/x86_64-linux-gnu/libc-2.27.so
7f3d0d1f7000-7f3d0d1fb000 r--p 001e7000 08:05 21369539                   /lib/x86_64-linux-gnu/libc-2.27.so
7f3d0d1fb000-7f3d0d1fd000 rw-p 001eb000 08:05 21369539                   /lib/x86_64-linux-gnu/libc-2.27.so
7f3d0d1fd000-7f3d0d201000 rw-p 00000000 00:00 0 
7f3d0d201000-7f3d0d20f000 r-xp 00000000 08:05 10092892                   /usr/lib/jvm/java-8-openjdk-amd64/jre/lib/amd64/jli/libjli.so
7f3d0d20f000-7f3d0d40e000 ---p 0000e000 08:05 10092892                   /usr/lib/jvm/java-8-openjdk-amd64/jre/lib/amd64/jli/libjli.so
7f3d0d40e000-7f3d0d40f000 r--p 0000d000 08:05 10092892                   /usr/lib/jvm/java-8-openjdk-amd64/jre/lib/amd64/jli/libjli.so
7f3d0d40f000-7f3d0d410000 rw-p 0000e000 08:05 10092892                   /usr/lib/jvm/java-8-openjdk-amd64/jre/lib/amd64/jli/libjli.so
7f3d0d410000-7f3d0d437000 r-xp 00000000 08:05 21369511                   /lib/x86_64-linux-gnu/ld-2.27.so
7f3d0d437000-7f3d0d43b000 r--s 00034000 08:05 12583854                   /home/marco/.m2/repository/org/antlr/stringtemplate/4.0.2/stringtemplate-4.0.2.jar
7f3d0d43b000-7f3d0d43e000 r--s 00010000 08:05 12714229                   /home/marco/.m2/repository/org/hibernate/common/hibernate-commons-annotations/5.0.1.Final/hibernate-commons-annotations-5.0.1.Final.jar
7f3d0d43e000-7f3d0d440000 r--s 00007000 08:05 10096054                   /usr/share/java/java-atk-wrapper.jar
7f3d0d440000-7f3d0d44a000 r--s 00116000 08:05 10227756                   /usr/lib/jvm/java-8-openjdk-amd64/jre/lib/ext/localedata.jar
7f3d0d44a000-7f3d0d515000 rw-p 00000000 00:00 0 
7f3d0d515000-7f3d0d516000 ---p 00000000 00:00 0 
7f3d0d516000-7f3d0d519000 ---p 00000000 00:00 0 
7f3d0d519000-7f3d0d618000 rw-p 00000000 00:00 0 
7f3d0d618000-7f3d0d619000 r--s 00000000 08:05 12714211                   /home/marco/.m2/repository/org/springframework/boot/spring-boot-starter-aop/2.0.5.RELEASE/spring-boot-starter-aop-2.0.5.RELEASE.jar
7f3d0d619000-7f3d0d61b000 r--s 00001000 08:05 10227370                   /usr/lib/jvm/java-8-openjdk-amd64/jre/lib/ext/dnsns.jar
7f3d0d61b000-7f3d0d61e000 r--s 00038000 08:05 10229170                   /usr/lib/jvm/java-8-openjdk-amd64/jre/lib/ext/sunpkcs11.jar
7f3d0d61e000-7f3d0d61f000 r--s 0000a000 08:05 10227733                   /usr/lib/jvm/java-8-openjdk-amd64/jre/lib/ext/jaccess.jar
7f3d0d61f000-7f3d0d621000 r--s 00008000 08:05 10229168                   /usr/lib/jvm/java-8-openjdk-amd64/jre/lib/ext/sunec.jar
7f3d0d621000-7f3d0d627000 r--s 0003b000 08:05 10229169                   /usr/lib/jvm/java-8-openjdk-amd64/jre/lib/ext/sunjce_provider.jar
7f3d0d627000-7f3d0d62a000 r--s 0000f000 08:05 10227414                   /usr/lib/jvm/java-8-openjdk-amd64/jre/lib/ext/icedtea-sound.jar
7f3d0d62a000-7f3d0d62b000 r--s 00010000 08:05 10229171                   /usr/lib/jvm/java-8-openjdk-amd64/jre/lib/ext/zipfs.jar
7f3d0d62b000-7f3d0d633000 rw-s 00000000 08:05 24128942                   /tmp/hsperfdata_marco/11562
7f3d0d633000-7f3d0d634000 rw-p 00000000 00:00 0 
7f3d0d634000-7f3d0d635000 r--p 00000000 00:00 0 
7f3d0d635000-7f3d0d637000 rw-p 00000000 00:00 0 
7f3d0d637000-7f3d0d638000 r--p 00027000 08:05 21369511                   /lib/x86_64-linux-gnu/ld-2.27.so
7f3d0d638000-7f3d0d639000 rw-p 00028000 08:05 21369511                   /lib/x86_64-linux-gnu/ld-2.27.so
7f3d0d639000-7f3d0d63a000 rw-p 00000000 00:00 0 
7ffdf5b6a000-7ffdf5b8e000 rw-p 00000000 00:00 0                          [stack]
7ffdf5bb5000-7ffdf5bb8000 r--p 00000000 00:00 0                          [vvar]
7ffdf5bb8000-7ffdf5bba000 r-xp 00000000 00:00 0                          [vdso]
ffffffffff600000-ffffffffff601000 r-xp 00000000 00:00 0                  [vsyscall]

VM Arguments:
java_command: mx.com.tp.smc.TpSmcWebApplication
java_class_path (initial): /home/marco/Escritorio/Refactorizacion/ProyectoSMC/smc-app/tp-smc-web/target/classes:/home/marco/.m2/repository/org/springframework/boot/spring-boot-starter-aop/2.0.5.RELEASE/spring-boot-starter-aop-2.0.5.RELEASE.jar:/home/marco/.m2/repository/org/hibernate/common/hibernate-commons-annotations/5.0.1.Final/hibernate-commons-annotations-5.0.1.Final.jar:/home/marco/.m2/repository/org/antlr/stringtemplate/4.0.2/stringtemplate-4.0.2.jar:/home/marco/.m2/repository/org/springframework/boot/spring-boot-starter/2.0.5.RELEASE/spring-boot-starter-2.0.5.RELEASE.jar:/home/marco/.m2/repository/org/springframework/boot/spring-boot-starter-web/2.0.5.RELEASE/spring-boot-starter-web-2.0.5.RELEASE.jar:/home/marco/.m2/repository/org/apache/tomcat/embed/tomcat-embed-core/8.5.34/tomcat-embed-core-8.5.34.jar:/home/marco/.m2/repository/javax/servlet/jstl/1.2/jstl-1.2.jar:/home/marco/.m2/repository/org/springframework/boot/spring-boot-starter-security/2.0.5.RELEASE/spring-boot-starter-security-2.0.5.RELEASE.jar:/home/marco/.m2/repository/com/googlecode/json-simple/json-simple/1.1.1/json-simple-1.1.1.jar:/home/marco/.m2/repository/com/fasterxml/classmate/1.3.4/classmate-1.3.4.jar:/home/marco/.m2/repository/org/hibernate/hibernate-core/5.2.17.Final/hibernate-core-5.2.17.Final.jar:/home/marco/.m2/repository/ch/qos/logback/logback-classic/1.2.3/logback-classic-1.2.3.jar:/home/marco/.m2/repository/org/apache/logging/log4j/log4j-api/2.10.0/log4j-api-2.10.0.jar:/home/marco/.m2/repository/javax/annotation/javax.annotation-api/1.3.2/javax.annotation-api-1.3.2.jar:/home/marco/.m2/repository/io/springfox/springfox-swagger-ui/2.9.2/springfox-swagger-ui-2.9.2.jar:/home/marco/.m2/repository/org/springframework/boot/spring-boot-starter-log4j/1.3.8.RELEASE/spring-boot-starter-log4j-1.3.8.RELEASE.jar:/home/marco/.m2/repository/org/springframework/spring-context/5.0.9.RELEASE/spring-context-5.0.9.RELEASE.jar:/home/marco/.m2/repository/org/jboss/logging/jboss-logging/3.3.2.Final/j
Launcher Type: SUN_STANDARD

Environment Variables:
JAVA_HOME=/usr/lib/jvm/java-1.8.0-openjdk-amd64
PATH=/usr/local/sbin:/usr/local/bin:/usr/sbin:/usr/bin:/sbin:/bin:/usr/games:/usr/local/games:/snap/bin:/usr/lib/jvm/java-8-oracle/bin:/usr/lib/jvm/java-8-oracle/db/bin:/usr/lib/jvm/java-8-oracle/jre/bin:/usr/lib/jvm/java-1.8.0-openjdk-amd64/bin:/home/marco/Android/Sdk/tools:/home/marco/Android/Sdk/tools/bin:/home/marco/Android/Sdk/platform-tools:/home/marco/Android/Sdk/emulator:/opt/apache-maven-3.5.4/bin
USERNAME=marco
SHELL=/bin/bash
DISPLAY=:0

Signal Handlers:
SIGSEGV: [libjvm.so+0xaaf3a0], sa_mask[0]=11111111011111111101111111111110, sa_flags=SA_RESTART|SA_SIGINFO
SIGBUS: [libjvm.so+0xaaf3a0], sa_mask[0]=11111111011111111101111111111110, sa_flags=SA_RESTART|SA_SIGINFO
SIGFPE: [libjvm.so+0x8e52e0], sa_mask[0]=11111111011111111101111111111110, sa_flags=SA_RESTART|SA_SIGINFO
SIGPIPE: [libjvm.so+0x8e52e0], sa_mask[0]=11111111011111111101111111111110, sa_flags=SA_RESTART|SA_SIGINFO
SIGXFSZ: [libjvm.so+0x8e52e0], sa_mask[0]=11111111011111111101111111111110, sa_flags=SA_RESTART|SA_SIGINFO
SIGILL: [libjvm.so+0x8e52e0], sa_mask[0]=11111111011111111101111111111110, sa_flags=SA_RESTART|SA_SIGINFO
SIGUSR1: SIG_DFL, sa_mask[0]=00000000000000000000000000000000, sa_flags=none
SIGUSR2: [libjvm.so+0x8e5190], sa_mask[0]=00100000000000000000000000000000, sa_flags=SA_RESTART|SA_SIGINFO
SIGHUP: [libjvm.so+0x8e5640], sa_mask[0]=11111111011111111101111111111110, sa_flags=SA_RESTART|SA_SIGINFO
SIGINT: [libjvm.so+0x8e5640], sa_mask[0]=11111111011111111101111111111110, sa_flags=SA_RESTART|SA_SIGINFO
SIGTERM: [libjvm.so+0x8e5640], sa_mask[0]=11111111011111111101111111111110, sa_flags=SA_RESTART|SA_SIGINFO
SIGQUIT: [libjvm.so+0x8e5640], sa_mask[0]=11111111011111111101111111111110, sa_flags=SA_RESTART|SA_SIGINFO


---------------  S Y S T E M  ---------------

OS:DISTRIB_ID=Ubuntu
DISTRIB_RELEASE=18.04
DISTRIB_CODENAME=bionic
DISTRIB_DESCRIPTION="Ubuntu 18.04.1 LTS"

uname:Linux 4.15.0-34-generic #37-Ubuntu SMP Mon Aug 27 15:21:48 UTC 2018 x86_64
libc:glibc 2.27 NPTL 2.27 
rlimit: STACK 8192k, CORE 0k, NPROC 31291, NOFILE 4096, AS infinity
load average:1.72 1.22 1.13

/proc/meminfo:
MemTotal:        8071040 kB
MemFree:         2031628 kB
MemAvailable:    2635828 kB
Buffers:          104960 kB
Cached:          1061232 kB
SwapCached:        96940 kB
Active:          4195504 kB
Inactive:        1467136 kB
Active(anon):    3791776 kB
Inactive(anon):  1076132 kB
Active(file):     403728 kB
Inactive(file):   391004 kB
Unevictable:         156 kB
Mlocked:             156 kB
SwapTotal:       2097148 kB
SwapFree:        1566972 kB
Dirty:              1988 kB
Writeback:             0 kB
AnonPages:       4427200 kB
Mapped:           469496 kB
Shmem:            371456 kB
Slab:             138912 kB
SReclaimable:      59620 kB
SUnreclaim:        79292 kB
KernelStack:       21376 kB
PageTables:        89116 kB
NFS_Unstable:          0 kB
Bounce:                0 kB
WritebackTmp:          0 kB
CommitLimit:     6132668 kB
Committed_AS:   16466640 kB
VmallocTotal:   34359738367 kB
VmallocUsed:           0 kB
VmallocChunk:          0 kB
HardwareCorrupted:     0 kB
AnonHugePages:      2048 kB
ShmemHugePages:        0 kB
ShmemPmdMapped:        0 kB
CmaTotal:              0 kB
CmaFree:               0 kB
HugePages_Total:       0
HugePages_Free:        0
HugePages_Rsvd:        0
HugePages_Surp:        0
Hugepagesize:       2048 kB
DirectMap4k:      429636 kB
DirectMap2M:     6813696 kB
DirectMap1G:     1048576 kB


CPU:total 8 (initial active 8) (4 cores per cpu, 2 threads per core) family 6 model 60 stepping 3, cmov, cx8, fxsr, mmx, sse, sse2, sse3, ssse3, sse4.1, sse4.2, popcnt, avx, avx2, aes, clmul, erms, lzcnt, ht, tsc, tscinvbit, bmi1, bmi2

/proc/cpuinfo:
processor	: 0
vendor_id	: GenuineIntel
cpu family	: 6
model		: 60
model name	: Intel(R) Core(TM) i7-4810MQ CPU @ 2.80GHz
stepping	: 3
microcode	: 0x25
cpu MHz		: 3516.155
cache size	: 6144 KB
physical id	: 0
siblings	: 8
core id		: 0
cpu cores	: 4
apicid		: 0
initial apicid	: 0
fpu		: yes
fpu_exception	: yes
cpuid level	: 13
wp		: yes
flags		: fpu vme de pse tsc msr pae mce cx8 apic sep mtrr pge mca cmov pat pse36 clflush dts acpi mmx fxsr sse sse2 ss ht tm pbe syscall nx pdpe1gb rdtscp lm constant_tsc arch_perfmon pebs bts rep_good nopl xtopology nonstop_tsc cpuid aperfmperf pni pclmulqdq dtes64 monitor ds_cpl vmx smx est tm2 ssse3 sdbg fma cx16 xtpr pdcm pcid sse4_1 sse4_2 x2apic movbe popcnt tsc_deadline_timer aes xsave avx f16c rdrand lahf_lm abm cpuid_fault epb invpcid_single pti ssbd ibrs ibpb stibp tpr_shadow vnmi flexpriority ept vpid fsgsbase tsc_adjust bmi1 avx2 smep bmi2 erms invpcid xsaveopt dtherm ida arat pln pts flush_l1d
bugs		: cpu_meltdown spectre_v1 spectre_v2 spec_store_bypass l1tf
bogomips	: 5586.96
clflush size	: 64
cache_alignment	: 64
address sizes	: 39 bits physical, 48 bits virtual
power management:

processor	: 1
vendor_id	: GenuineIntel
cpu family	: 6
model		: 60
model name	: Intel(R) Core(TM) i7-4810MQ CPU @ 2.80GHz
stepping	: 3
microcode	: 0x25
cpu MHz		: 3524.234
cache size	: 6144 KB
physical id	: 0
siblings	: 8
core id		: 1
cpu cores	: 4
apicid		: 2
initial apicid	: 2
fpu		: yes
fpu_exception	: yes
cpuid level	: 13
wp		: yes
flags		: fpu vme de pse tsc msr pae mce cx8 apic sep mtrr pge mca cmov pat pse36 clflush dts acpi mmx fxsr sse sse2 ss ht tm pbe syscall nx pdpe1gb rdtscp lm constant_tsc arch_perfmon pebs bts rep_good nopl xtopology nonstop_tsc cpuid aperfmperf pni pclmulqdq dtes64 monitor ds_cpl vmx smx est tm2 ssse3 sdbg fma cx16 xtpr pdcm pcid sse4_1 sse4_2 x2apic movbe popcnt tsc_deadline_timer aes xsave avx f16c rdrand lahf_lm abm cpuid_fault epb invpcid_single pti ssbd ibrs ibpb stibp tpr_shadow vnmi flexpriority ept vpid fsgsbase tsc_adjust bmi1 avx2 smep bmi2 erms invpcid xsaveopt dtherm ida arat pln pts flush_l1d
bugs		: cpu_meltdown spectre_v1 spectre_v2 spec_store_bypass l1tf
bogomips	: 5586.96
clflush size	: 64
cache_alignment	: 64
address sizes	: 39 bits physical, 48 bits virtual
power management:

processor	: 2
vendor_id	: GenuineIntel
cpu family	: 6
model		: 60
model name	: Intel(R) Core(TM) i7-4810MQ CPU @ 2.80GHz
stepping	: 3
microcode	: 0x25
cpu MHz		: 3533.722
cache size	: 6144 KB
physical id	: 0
siblings	: 8
core id		: 2
cpu cores	: 4
apicid		: 4
initial apicid	: 4
fpu		: yes
fpu_exception	: yes
cpuid level	: 13
wp		: yes
flags		: fpu vme de pse tsc msr pae mce cx8 apic sep mtrr pge mca cmov pat pse36 clflush dts acpi mmx fxsr sse sse2 ss ht tm pbe syscall nx pdpe1gb rdtscp lm constant_tsc arch_perfmon pebs bts rep_good nopl xtopology nonstop_tsc cpuid aperfmperf pni pclmulqdq dtes64 monitor ds_cpl vmx smx est tm2 ssse3 sdbg fma cx16 xtpr pdcm pcid sse4_1 sse4_2 x2apic movbe popcnt tsc_deadline_timer aes xsave avx f16c rdrand lahf_lm abm cpuid_fault epb invpcid_single pti ssbd ibrs ibpb stibp tpr_shadow vnmi flexpriority ept vpid fsgsbase tsc_adjust bmi1 avx2 smep bmi2 erms invpcid xsaveopt dtherm ida arat pln pts flush_l1d
bugs		: cpu_meltdown spectre_v1 spectre_v2 spec_store_bypass l1tf
bogomips	: 5586.96
clflush size	: 64
cache_alignment	: 64
address sizes	: 39 bits physical, 48 bits virtual
power management:

processor	: 3
vendor_id	: GenuineIntel
cpu family	: 6
model		: 60
model name	: Intel(R) Core(TM) i7-4810MQ CPU @ 2.80GHz
stepping	: 3
microcode	: 0x25
cpu MHz		: 3558.546
cache size	: 6144 KB
physical id	: 0
siblings	: 8
core id		: 3
cpu cores	: 4
apicid		: 6
initial apicid	: 6
fpu		: yes
fpu_exception	: yes
cpuid level	: 13
wp		: yes
flags		: fpu vme de pse tsc msr pae mce cx8 apic sep mtrr pge mca cmov pat pse36 clflush dts acpi mmx fxsr sse sse2 ss ht tm pbe syscall nx pdpe1gb rdtscp lm constant_tsc arch_perfmon pebs bts rep_good nopl xtopology nonstop_tsc cpuid aperfmperf pni pclmulqdq dtes64 monitor ds_cpl vmx smx est tm2 ssse3 sdbg fma cx16 xtpr pdcm pcid sse4_1 sse4_2 x2apic movbe popcnt tsc_deadline_timer aes xsave avx f16c rdrand lahf_lm abm cpuid_fault epb invpcid_single pti ssbd ibrs ibpb stibp tpr_shadow vnmi flexpriority ept vpid fsgsbase tsc_adjust bmi1 avx2 smep bmi2 erms invpcid xsaveopt dtherm ida arat pln pts flush_l1d
bugs		: cpu_meltdown spectre_v1 spectre_v2 spec_store_bypass l1tf
bogomips	: 5586.96
clflush size	: 64
cache_alignment	: 64
address sizes	: 39 bits physical, 48 bits virtual
power management:

processor	: 4
vendor_id	: GenuineIntel
cpu family	: 6
model		: 60
model name	: Intel(R) Core(TM) i7-4810MQ CPU @ 2.80GHz
stepping	: 3
microcode	: 0x25
cpu MHz		: 3558.725
cache size	: 6144 KB
physical id	: 0
siblings	: 8
core id		: 0
cpu cores	: 4
apicid		: 1
initial apicid	: 1
fpu		: yes
fpu_exception	: yes
cpuid level	: 13
wp		: yes
flags		: fpu vme de pse tsc msr pae mce cx8 apic sep mtrr pge mca cmov pat pse36 clflush dts acpi mmx fxsr sse sse2 ss ht tm pbe syscall nx pdpe1gb rdtscp lm constant_tsc arch_perfmon pebs bts rep_good nopl xtopology nonstop_tsc cpuid aperfmperf pni pclmulqdq dtes64 monitor ds_cpl vmx smx est tm2 ssse3 sdbg fma cx16 xtpr pdcm pcid sse4_1 sse4_2 x2apic movbe popcnt tsc_deadline_timer aes xsave avx f16c rdrand lahf_lm abm cpuid_fault epb invpcid_single pti ssbd ibrs ibpb stibp tpr_shadow vnmi flexpriority ept vpid fsgsbase tsc_adjust bmi1 avx2 smep bmi2 erms invpcid xsaveopt dtherm ida arat pln pts flush_l1d
bugs		: cpu_meltdown spectre_v1 spectre_v2 spec_store_bypass l1tf
bogomips	: 5586.96
clflush size	: 64
cache_alignment	: 64
address sizes	: 39 bits physical, 48 bits virtual
power management:

processor	: 5
vendor_id	: GenuineIntel
cpu family	: 6
model		: 60
model name	: Intel(R) Core(TM) i7-4810MQ CPU @ 2.80GHz
stepping	: 3
microcode	: 0x25
cpu MHz		: 3558.910
cache size	: 6144 KB
physical id	: 0
siblings	: 8
core id		: 1
cpu cores	: 4
apicid		: 3
initial apicid	: 3
fpu		: yes
fpu_exception	: yes
cpuid level	: 13
wp		: yes
flags		: fpu vme de pse tsc msr pae mce cx8 apic sep mtrr pge mca cmov pat pse36 clflush dts acpi mmx fxsr sse sse2 ss ht tm pbe syscall nx pdpe1gb rdtscp lm constant_tsc arch_perfmon pebs bts rep_good nopl xtopology nonstop_tsc cpuid aperfmperf pni pclmulqdq dtes64 monitor ds_cpl vmx smx est tm2 ssse3 sdbg fma cx16 xtpr pdcm pcid sse4_1 sse4_2 x2apic movbe popcnt tsc_deadline_timer aes xsave avx f16c rdrand lahf_lm abm cpuid_fault epb invpcid_single pti ssbd ibrs ibpb stibp tpr_shadow vnmi flexpriority ept vpid fsgsbase tsc_adjust bmi1 avx2 smep bmi2 erms invpcid xsaveopt dtherm ida arat pln pts flush_l1d
bugs		: cpu_meltdown spectre_v1 spectre_v2 spec_store_bypass l1tf
bogomips	: 5586.96
clflush size	: 64
cache_alignment	: 64
address sizes	: 39 bits physical, 48 bits virtual
power management:

processor	: 6
vendor_id	: GenuineIntel
cpu family	: 6
model		: 60
model name	: Intel(R) Core(TM) i7-4810MQ CPU @ 2.80GHz
stepping	: 3
microcode	: 0x25
cpu MHz		: 3559.084
cache size	: 6144 KB
physical id	: 0
siblings	: 8
core id		: 2
cpu cores	: 4
apicid		: 5
initial apicid	: 5
fpu		: yes
fpu_exception	: yes
cpuid level	: 13
wp		: yes
flags		: fpu vme de pse tsc msr pae mce cx8 apic sep mtrr pge mca cmov pat pse36 clflush dts acpi mmx fxsr sse sse2 ss ht tm pbe syscall nx pdpe1gb rdtscp lm constant_tsc arch_perfmon pebs bts rep_good nopl xtopology nonstop_tsc cpuid aperfmperf pni pclmulqdq dtes64 monitor ds_cpl vmx smx est tm2 ssse3 sdbg fma cx16 xtpr pdcm pcid sse4_1 sse4_2 x2apic movbe popcnt tsc_deadline_timer aes xsave avx f16c rdrand lahf_lm abm cpuid_fault epb invpcid_single pti ssbd ibrs ibpb stibp tpr_shadow vnmi flexpriority ept vpid fsgsbase tsc_adjust bmi1 avx2 smep bmi2 erms invpcid xsaveopt dtherm ida arat pln pts flush_l1d
bugs		: cpu_meltdown spectre_v1 spectre_v2 spec_store_bypass l1tf
bogomips	: 5586.96
clflush size	: 64
cache_alignment	: 64
address sizes	: 39 bits physical, 48 bits virtual
power management:

processor	: 7
vendor_id	: GenuineIntel
cpu family	: 6
model		: 60
model name	: Intel(R) Core(TM) i7-4810MQ CPU @ 2.80GHz
stepping	: 3
microcode	: 0x25
cpu MHz		: 3559.073
cache size	: 6144 KB
physical id	: 0
siblings	: 8
core id		: 3
cpu cores	: 4
apicid		: 7
initial apicid	: 7
fpu		: yes
fpu_exception	: yes
cpuid level	: 13
wp		: yes
flags		: fpu vme de pse tsc msr pae mce cx8 apic sep mtrr pge mca cmov pat pse36 clflush dts acpi mmx fxsr sse sse2 ss ht tm pbe syscall nx pdpe1gb rdtscp lm constant_tsc arch_perfmon pebs bts rep_good nopl xtopology nonstop_tsc cpuid aperfmperf pni pclmulqdq dtes64 monitor ds_cpl vmx smx est tm2 ssse3 sdbg fma cx16 xtpr pdcm pcid sse4_1 sse4_2 x2apic movbe popcnt tsc_deadline_timer aes xsave avx f16c rdrand lahf_lm abm cpuid_fault epb invpcid_single pti ssbd ibrs ibpb stibp tpr_shadow vnmi flexpriority ept vpid fsgsbase tsc_adjust bmi1 avx2 smep bmi2 erms invpcid xsaveopt dtherm ida arat pln pts flush_l1d
bugs		: cpu_meltdown spectre_v1 spectre_v2 spec_store_bypass l1tf
bogomips	: 5586.96
clflush size	: 64
cache_alignment	: 64
address sizes	: 39 bits physical, 48 bits virtual
power management:



Memory: 4k page, physical 8071040k(2031628k free), swap 2097148k(1566972k free)

vm_info: OpenJDK 64-Bit Server VM (25.181-b13) for linux-amd64 JRE (1.8.0_181-8u181-b13-0ubuntu0.18.04.1-b13), built on Jul 23 2018 19:14:48 by "buildd" with gcc 7.3.0

time: Wed Oct  3 13:08:24 2018
elapsed time: 96 seconds (0d 0h 1m 36s)

